Started by user [8mha:////4CChqKtRX243ptpgwhyDZ6IpbqZEkwrqY/fYHqsjC5QRAAAAmR+LCAAAAAAAAP9b85aBtbiIQTGjNKU4P08vOT+vOD8nVc83PyU1x6OyILUoJzMv2y+/JJUBAhiZGBgqihhk0NSjKDWzXb3RdlLBUSYGJk8GtpzUvPSSDB8G5tKinBIGIZ+sxLJE/ZzEvHT94JKizLx0a6BxUmjGOUNodHsLgAz2EgZe/dLi1CL9rNS87My8YgDGtiJjwgAAAA==[0mjenkins
[8mha:////4Di8d/urrZOsfjaZwvq2Os6Ug4pSYMkElqWA1fYYk5R9AAAAaB+LCAAAAAAAAP9b85aBtbiIwTG/KF0vKzUvOzOvODlTryCnNB3I0ivPL8pOy8kv18vKT9JLzs8rzs9J1QuHCgaV5jlDhPzyS1IZIICRiYGhoohBKqM0pTg/D64Hh8ICAFt0h+h/AAAA[0m[Pipeline] node
Running on master in /var/lib/jenkins/workspace/Pipeline
[8mha:////4Di8d/urrZOsfjaZwvq2Os6Ug4pSYMkElqWA1fYYk5R9AAAAaB+LCAAAAAAAAP9b85aBtbiIwTG/KF0vKzUvOzOvODlTryCnNB3I0ivPL8pOy8kv18vKT9JLzs8rzs9J1QuHCgaV5jlDhPzyS1IZIICRiYGhoohBKqM0pTg/D64Hh8ICAFt0h+h/AAAA[0m[Pipeline] {
[8mha:////4Di8d/urrZOsfjaZwvq2Os6Ug4pSYMkElqWA1fYYk5R9AAAAaB+LCAAAAAAAAP9b85aBtbiIwTG/KF0vKzUvOzOvODlTryCnNB3I0ivPL8pOy8kv18vKT9JLzs8rzs9J1QuHCgaV5jlDhPzyS1IZIICRiYGhoohBKqM0pTg/D64Hh8ICAFt0h+h/AAAA[0m[Pipeline] stage
[8mha:////4Di8d/urrZOsfjaZwvq2Os6Ug4pSYMkElqWA1fYYk5R9AAAAaB+LCAAAAAAAAP9b85aBtbiIwTG/KF0vKzUvOzOvODlTryCnNB3I0ivPL8pOy8kv18vKT9JLzs8rzs9J1QuHCgaV5jlDhPzyS1IZIICRiYGhoohBKqM0pTg/D64Hh8ICAFt0h+h/AAAA[0m[Pipeline] { (Preparation)
[8mha:////4Di8d/urrZOsfjaZwvq2Os6Ug4pSYMkElqWA1fYYk5R9AAAAaB+LCAAAAAAAAP9b85aBtbiIwTG/KF0vKzUvOzOvODlTryCnNB3I0ivPL8pOy8kv18vKT9JLzs8rzs9J1QuHCgaV5jlDhPzyS1IZIICRiYGhoohBKqM0pTg/D64Hh8ICAFt0h+h/AAAA[0m[Pipeline] git
 > git rev-parse --is-inside-work-tree # timeout=10
Fetching changes from the remote Git repository
 > git config remote.origin.url https://github.com/jglick/simple-maven-project-with-tests.git # timeout=10
Fetching upstream changes from https://github.com/jglick/simple-maven-project-with-tests.git
 > git --version # timeout=10
 > git fetch --tags --progress https://github.com/jglick/simple-maven-project-with-tests.git +refs/heads/*:refs/remotes/origin/*
 > git rev-parse refs/remotes/origin/master^{commit} # timeout=10
 > git rev-parse refs/remotes/origin/origin/master^{commit} # timeout=10
Checking out Revision 7b64fc4ac386dd9e34df63feef99f2260ec9a6b0 (refs/remotes/origin/master)
 > git config core.sparsecheckout # timeout=10
 > git checkout -f 7b64fc4ac386dd9e34df63feef99f2260ec9a6b0
 > git branch -a -v --no-abbrev # timeout=10
 > git branch -D master # timeout=10
 > git checkout -b master 7b64fc4ac386dd9e34df63feef99f2260ec9a6b0
 > git rev-list 7b64fc4ac386dd9e34df63feef99f2260ec9a6b0 # timeout=10
[8mha:////4Di8d/urrZOsfjaZwvq2Os6Ug4pSYMkElqWA1fYYk5R9AAAAaB+LCAAAAAAAAP9b85aBtbiIwTG/KF0vKzUvOzOvODlTryCnNB3I0ivPL8pOy8kv18vKT9JLzs8rzs9J1QuHCgaV5jlDhPzyS1IZIICRiYGhoohBKqM0pTg/D64Hh8ICAFt0h+h/AAAA[0m[Pipeline] tool
[8mha:////4Di8d/urrZOsfjaZwvq2Os6Ug4pSYMkElqWA1fYYk5R9AAAAaB+LCAAAAAAAAP9b85aBtbiIwTG/KF0vKzUvOzOvODlTryCnNB3I0ivPL8pOy8kv18vKT9JLzs8rzs9J1QuHCgaV5jlDhPzyS1IZIICRiYGhoohBKqM0pTg/D64Hh8ICAFt0h+h/AAAA[0m[Pipeline] }
[8mha:////4Di8d/urrZOsfjaZwvq2Os6Ug4pSYMkElqWA1fYYk5R9AAAAaB+LCAAAAAAAAP9b85aBtbiIwTG/KF0vKzUvOzOvODlTryCnNB3I0ivPL8pOy8kv18vKT9JLzs8rzs9J1QuHCgaV5jlDhPzyS1IZIICRiYGhoohBKqM0pTg/D64Hh8ICAFt0h+h/AAAA[0m[Pipeline] // stage
[8mha:////4Di8d/urrZOsfjaZwvq2Os6Ug4pSYMkElqWA1fYYk5R9AAAAaB+LCAAAAAAAAP9b85aBtbiIwTG/KF0vKzUvOzOvODlTryCnNB3I0ivPL8pOy8kv18vKT9JLzs8rzs9J1QuHCgaV5jlDhPzyS1IZIICRiYGhoohBKqM0pTg/D64Hh8ICAFt0h+h/AAAA[0m[Pipeline] stage
[8mha:////4Di8d/urrZOsfjaZwvq2Os6Ug4pSYMkElqWA1fYYk5R9AAAAaB+LCAAAAAAAAP9b85aBtbiIwTG/KF0vKzUvOzOvODlTryCnNB3I0ivPL8pOy8kv18vKT9JLzs8rzs9J1QuHCgaV5jlDhPzyS1IZIICRiYGhoohBKqM0pTg/D64Hh8ICAFt0h+h/AAAA[0m[Pipeline] { (Build)
[8mha:////4Di8d/urrZOsfjaZwvq2Os6Ug4pSYMkElqWA1fYYk5R9AAAAaB+LCAAAAAAAAP9b85aBtbiIwTG/KF0vKzUvOzOvODlTryCnNB3I0ivPL8pOy8kv18vKT9JLzs8rzs9J1QuHCgaV5jlDhPzyS1IZIICRiYGhoohBKqM0pTg/D64Hh8ICAFt0h+h/AAAA[0m[Pipeline] isUnix
[8mha:////4Di8d/urrZOsfjaZwvq2Os6Ug4pSYMkElqWA1fYYk5R9AAAAaB+LCAAAAAAAAP9b85aBtbiIwTG/KF0vKzUvOzOvODlTryCnNB3I0ivPL8pOy8kv18vKT9JLzs8rzs9J1QuHCgaV5jlDhPzyS1IZIICRiYGhoohBKqM0pTg/D64Hh8ICAFt0h+h/AAAA[0m[Pipeline] sh
[Pipeline] Running shell script
+ /var/lib/jenkins/tools/hudson.tasks.Maven_MavenInstallation/Maven-3.3.9/bin/mvn -Dmaven.test.failure.ignore clean package
which: no javac in (/sbin:/usr/sbin:/bin:/usr/bin)
Warning: JAVA_HOME environment variable is not set.
[INFO] Scanning for projects...
[INFO]                                                                         
[INFO] ------------------------------------------------------------------------
[INFO] Building simple-maven-project-with-tests 1.0-SNAPSHOT
[INFO] ------------------------------------------------------------------------
Downloading: https://repo.maven.apache.org/maven2/org/apache/maven/plugins/maven-surefire-plugin/2.18.1/maven-surefire-plugin-2.18.1.pom
3/6 KB   5/6 KB   6/6 KB            Downloaded: https://repo.maven.apache.org/maven2/org/apache/maven/plugins/maven-surefire-plugin/2.18.1/maven-surefire-plugin-2.18.1.pom (6 KB at 8.3 KB/sec)
Downloading: https://repo.maven.apache.org/maven2/org/apache/maven/surefire/surefire/2.18.1/surefire-2.18.1.pom
3/17 KB   5/17 KB   8/17 KB   11/17 KB   13/17 KB   16/17 KB   17/17 KB              Downloaded: https://repo.maven.apache.org/maven2/org/apache/maven/surefire/surefire/2.18.1/surefire-2.18.1.pom (17 KB at 372.4 KB/sec)
Downloading: https://repo.maven.apache.org/maven2/org/apache/maven/maven-parent/26/maven-parent-26.pom
3/39 KB    5/39 KB   8/39 KB   11/39 KB   13/39 KB   16/39 KB   19/39 KB   21/39 KB   24/39 KB   27/39 KB   29/39 KB   32/39 KB   35/39 KB   37/39 KB   39/39 KB              Downloaded: https://repo.maven.apache.org/maven2/org/apache/maven/maven-parent/26/maven-parent-26.pom (39 KB at 996.2 KB/sec)
Downloading: https://repo.maven.apache.org/maven2/org/apache/apache/16/apache-16.pom
3/16 KB    5/16 KB   8/16 KB   11/16 KB   13/16 KB   16/16 KB              Downloaded: https://repo.maven.apache.org/maven2/org/apache/apache/16/apache-16.pom (16 KB at 501.2 KB/sec)
Downloading: https://repo.maven.apache.org/maven2/org/apache/maven/plugins/maven-surefire-plugin/2.18.1/maven-surefire-plugin-2.18.1.jar
3/37 KB    5/37 KB   8/37 KB   11/37 KB   13/37 KB   16/37 KB   19/37 KB   21/37 KB   24/37 KB   27/37 KB   29/37 KB   32/37 KB   35/37 KB   37/37 KB              Downloaded: https://repo.maven.apache.org/maven2/org/apache/maven/plugins/maven-surefire-plugin/2.18.1/maven-surefire-plugin-2.18.1.jar (37 KB at 1004.1 KB/sec)
Downloading: https://repo.maven.apache.org/maven2/org/apache/maven/plugins/maven-jar-plugin/2.4/maven-jar-plugin-2.4.pom
3/6 KB     5/6 KB   6/6 KB            Downloaded: https://repo.maven.apache.org/maven2/org/apache/maven/plugins/maven-jar-plugin/2.4/maven-jar-plugin-2.4.pom (6 KB at 247.7 KB/sec)
Downloading: https://repo.maven.apache.org/maven2/org/apache/maven/plugins/maven-jar-plugin/2.4/maven-jar-plugin-2.4.jar
3/34 KB   5/34 KB   8/34 KB   11/34 KB   13/34 KB   16/34 KB   19/34 KB   21/34 KB   24/34 KB   27/34 KB   29/34 KB   32/34 KB   34/34 KB              Downloaded: https://repo.maven.apache.org/maven2/org/apache/maven/plugins/maven-jar-plugin/2.4/maven-jar-plugin-2.4.jar (34 KB at 535.9 KB/sec)
Downloading: https://repo.maven.apache.org/maven2/junit/junit/4.11/junit-4.11.pom
3/3 KB     3/3 KB            Downloaded: https://repo.maven.apache.org/maven2/junit/junit/4.11/junit-4.11.pom (3 KB at 95.4 KB/sec)
Downloading: https://repo.maven.apache.org/maven2/org/hamcrest/hamcrest-core/1.3/hamcrest-core-1.3.pom
766/766 B               Downloaded: https://repo.maven.apache.org/maven2/org/hamcrest/hamcrest-core/1.3/hamcrest-core-1.3.pom (766 B at 23.4 KB/sec)
Downloading: https://repo.maven.apache.org/maven2/org/hamcrest/hamcrest-parent/1.3/hamcrest-parent-1.3.pom
2/2 KB               Downloaded: https://repo.maven.apache.org/maven2/org/hamcrest/hamcrest-parent/1.3/hamcrest-parent-1.3.pom (2 KB at 83.7 KB/sec)
Downloading: https://repo.maven.apache.org/maven2/junit/junit/4.11/junit-4.11.jar
Downloading: https://repo.maven.apache.org/maven2/org/hamcrest/hamcrest-core/1.3/hamcrest-core-1.3.jar
3/240 KB   5/240 KB   8/240 KB   11/240 KB   13/240 KB   16/240 KB   19/240 KB   21/240 KB   24/240 KB   27/240 KB   29/240 KB   32/240 KB   36/240 KB   40/240 KB   44/240 KB   48/240 KB   52/240 KB   56/240 KB   60/240 KB   64/240 KB   3/44 KB   64/240 KB   5/44 KB   64/240 KB   8/44 KB   64/240 KB   11/44 KB   64/240 KB   13/44 KB   64/240 KB   16/44 KB   64/240 KB   19/44 KB   64/240 KB   21/44 KB   64/240 KB   21/44 KB   68/240 KB   21/44 KB   72/240 KB   21/44 KB   76/240 KB   21/44 KB   80/240 KB   24/44 KB   80/240 KB   27/44 KB   80/240 KB   29/44 KB   80/240 KB   32/44 KB   80/240 KB   36/44 KB   80/240 KB   40/44 KB   80/240 KB   44/44 KB   80/240 KB   44/44 KB   80/240 KB   44/44 KB   84/240 KB   44/44 KB   88/240 KB   44/44 KB   92/240 KB   44/44 KB   96/240 KB   44/44 KB   100/240 KB   44/44 KB   104/240 KB   44/44 KB   108/240 KB   44/44 KB   112/240 KB   44/44 KB   116/240 KB   44/44 KB   120/240 KB   44/44 KB   124/240 KB   44/44 KB   128/240 KB   44/44 KB   132/240 KB   44/44 KB   136/240 KB   44/44 KB   140/240 KB   44/44 KB   144/240 KB   44/44 KB   148/240 KB   44/44 KB   152/240 KB   44/44 KB   156/240 KB   44/44 KB   160/240 KB   44/44 KB   164/240 KB   44/44 KB   168/240 KB                           Downloaded: https://repo.maven.apache.org/maven2/org/hamcrest/hamcrest-core/1.3/hamcrest-core-1.3.jar (44 KB at 542.8 KB/sec)
44/44 KB   172/240 KB   176/240 KB              180/240 KB   184/240 KB   188/240 KB   192/240 KB   196/240 KB   200/240 KB   204/240 KB   208/240 KB   212/240 KB   216/240 KB   220/240 KB   224/240 KB   228/240 KB   232/240 KB   236/240 KB   240/240 KB                Downloaded: https://repo.maven.apache.org/maven2/junit/junit/4.11/junit-4.11.jar (240 KB at 2099.1 KB/sec)
[INFO] 
[INFO] --- maven-clean-plugin:2.5:clean (default-clean) @ simple-maven-project-with-tests ---
[INFO] 
[INFO] --- maven-resources-plugin:2.6:resources (default-resources) @ simple-maven-project-with-tests ---
[INFO] Using 'UTF-8' encoding to copy filtered resources.
[INFO] skip non existing resourceDirectory /var/lib/jenkins/workspace/Pipeline/src/main/resources
[INFO] 
[INFO] --- maven-compiler-plugin:3.1:compile (default-compile) @ simple-maven-project-with-tests ---
[INFO] No sources to compile
[INFO] 
[INFO] --- maven-resources-plugin:2.6:testResources (default-testResources) @ simple-maven-project-with-tests ---
[INFO] Using 'UTF-8' encoding to copy filtered resources.
[INFO] skip non existing resourceDirectory /var/lib/jenkins/workspace/Pipeline/src/test/resources
[INFO] 
[INFO] --- maven-compiler-plugin:3.1:testCompile (default-testCompile) @ simple-maven-project-with-tests ---
[INFO] Changes detected - recompiling the module!
[INFO] Compiling 3 source files to /var/lib/jenkins/workspace/Pipeline/target/test-classes
[INFO] -------------------------------------------------------------
[ERROR] COMPILATION ERROR : 
[INFO] -------------------------------------------------------------
[ERROR] No compiler is provided in this environment. Perhaps you are running on a JRE rather than a JDK?
[INFO] 1 error
[INFO] -------------------------------------------------------------
[INFO] ------------------------------------------------------------------------
[INFO] BUILD FAILURE
[INFO] ------------------------------------------------------------------------
[INFO] Total time: 3.773 s
[INFO] Finished at: 2017-02-21T11:23:23+00:00
[INFO] Final Memory: 10M/24M
[INFO] ------------------------------------------------------------------------
[ERROR] Failed to execute goal org.apache.maven.plugins:maven-compiler-plugin:3.1:testCompile (default-testCompile) on project simple-maven-project-with-tests: Compilation failure
[ERROR] No compiler is provided in this environment. Perhaps you are running on a JRE rather than a JDK?
[ERROR] -> [Help 1]
[ERROR] 
[ERROR] To see the full stack trace of the errors, re-run Maven with the -e switch.
[ERROR] Re-run Maven using the -X switch to enable full debug logging.
[ERROR] 
[ERROR] For more information about the errors and possible solutions, please read the following articles:
[ERROR] [Help 1] http://cwiki.apache.org/confluence/display/MAVEN/MojoFailureException
[8mha:////4Di8d/urrZOsfjaZwvq2Os6Ug4pSYMkElqWA1fYYk5R9AAAAaB+LCAAAAAAAAP9b85aBtbiIwTG/KF0vKzUvOzOvODlTryCnNB3I0ivPL8pOy8kv18vKT9JLzs8rzs9J1QuHCgaV5jlDhPzyS1IZIICRiYGhoohBKqM0pTg/D64Hh8ICAFt0h+h/AAAA[0m[Pipeline] }
[8mha:////4Di8d/urrZOsfjaZwvq2Os6Ug4pSYMkElqWA1fYYk5R9AAAAaB+LCAAAAAAAAP9b85aBtbiIwTG/KF0vKzUvOzOvODlTryCnNB3I0ivPL8pOy8kv18vKT9JLzs8rzs9J1QuHCgaV5jlDhPzyS1IZIICRiYGhoohBKqM0pTg/D64Hh8ICAFt0h+h/AAAA[0m[Pipeline] // stage
[8mha:////4Di8d/urrZOsfjaZwvq2Os6Ug4pSYMkElqWA1fYYk5R9AAAAaB+LCAAAAAAAAP9b85aBtbiIwTG/KF0vKzUvOzOvODlTryCnNB3I0ivPL8pOy8kv18vKT9JLzs8rzs9J1QuHCgaV5jlDhPzyS1IZIICRiYGhoohBKqM0pTg/D64Hh8ICAFt0h+h/AAAA[0m[Pipeline] }
[8mha:////4Di8d/urrZOsfjaZwvq2Os6Ug4pSYMkElqWA1fYYk5R9AAAAaB+LCAAAAAAAAP9b85aBtbiIwTG/KF0vKzUvOzOvODlTryCnNB3I0ivPL8pOy8kv18vKT9JLzs8rzs9J1QuHCgaV5jlDhPzyS1IZIICRiYGhoohBKqM0pTg/D64Hh8ICAFt0h+h/AAAA[0m[Pipeline] // node
[8mha:////4Di8d/urrZOsfjaZwvq2Os6Ug4pSYMkElqWA1fYYk5R9AAAAaB+LCAAAAAAAAP9b85aBtbiIwTG/KF0vKzUvOzOvODlTryCnNB3I0ivPL8pOy8kv18vKT9JLzs8rzs9J1QuHCgaV5jlDhPzyS1IZIICRiYGhoohBKqM0pTg/D64Hh8ICAFt0h+h/AAAA[0m[Pipeline] End of Pipeline
ERROR: script returned exit code 1
[8mha:////4MxtTNLOx3UgohoKPTPfdDGtbhXJ0iQ5Ft8Z5/7FuomCAAAAWB+LCAAAAAAAAP9b85aBtbiIQSmjNKU4P08vOT+vOD8nVc8DzHWtSE4tKMnMz/PLL0ldFVf2c+b/lb5MDAwVRQxSaBqcITRIIQMEMIIUFgAAckCEiWAAAAA=[0mFinished: FAILURE
