Started by an SCM change
Building in workspace /var/lib/jenkins/jobs/Demo projekt/workspace
 > /usr/bin/git rev-parse --is-inside-work-tree # timeout=10
Fetching changes from the remote Git repository
 > /usr/bin/git config remote.origin.url /home/dado/git/game-of-life/ # timeout=10
Fetching upstream changes from /home/dado/git/game-of-life/
 > /usr/bin/git --version # timeout=10
 > /usr/bin/git fetch --tags --progress /home/dado/git/game-of-life/ +refs/heads/*:refs/remotes/origin/*
 > /usr/bin/git rev-parse refs/remotes/origin/master^{commit} # timeout=10
 > /usr/bin/git rev-parse refs/remotes/origin/origin/master^{commit} # timeout=10
Checking out Revision b72df0233fcc2f12ef1e1866c935f08698e7c1f4 (refs/remotes/origin/master)
 > /usr/bin/git config core.sparsecheckout # timeout=10
 > /usr/bin/git checkout -f b72df0233fcc2f12ef1e1866c935f08698e7c1f4
 > /usr/bin/git rev-list aae0187018baf4c50678bbf528633627a8e6bd45 # timeout=10
[workspace] $ mvn clean install
[INFO] Scanning for projects...
[8mha:AAAAYx+LCAAAAAAAAP9b85aBtbiIQSWjNKU4P0+vJLE4u1gvPjexLDVPzxdEhicW5WXmpfvll6S2fNly5fzGzauYGBgqihikoFqS8/OK83NS9ZwhNEghAwQwghQWAACwxA+XYgAAAA==[0m[WARNING] 
[8mha:AAAAYx+LCAAAAAAAAP9b85aBtbiIQSWjNKU4P0+vJLE4u1gvPjexLDVPzxdEhicW5WXmpfvll6S2fNly5fzGzauYGBgqihikoFqS8/OK83NS9ZwhNEghAwQwghQWAACwxA+XYgAAAA==[0m[WARNING] Some problems were encountered while building the effective model for com.wakaleo.gameoflife:gameoflife-core:jar:1.0-SNAPSHOT
[8mha:AAAAYx+LCAAAAAAAAP9b85aBtbiIQSWjNKU4P0+vJLE4u1gvPjexLDVPzxdEhicW5WXmpfvll6S2fNly5fzGzauYGBgqihikoFqS8/OK83NS9ZwhNEghAwQwghQWAACwxA+XYgAAAA==[0m[WARNING] 'reporting.plugins.plugin.version' for org.apache.maven.plugins:maven-project-info-reports-plugin is missing. @ line 16, column 21
[8mha:AAAAYx+LCAAAAAAAAP9b85aBtbiIQSWjNKU4P0+vJLE4u1gvPjexLDVPzxdEhicW5WXmpfvll6S2fNly5fzGzauYGBgqihikoFqS8/OK83NS9ZwhNEghAwQwghQWAACwxA+XYgAAAA==[0m[WARNING] 
[8mha:AAAAYx+LCAAAAAAAAP9b85aBtbiIQSWjNKU4P0+vJLE4u1gvPjexLDVPzxdEhicW5WXmpfvll6S2fNly5fzGzauYGBgqihikoFqS8/OK83NS9ZwhNEghAwQwghQWAACwxA+XYgAAAA==[0m[WARNING] It is highly recommended to fix these problems because they threaten the stability of your build.
[8mha:AAAAYx+LCAAAAAAAAP9b85aBtbiIQSWjNKU4P0+vJLE4u1gvPjexLDVPzxdEhicW5WXmpfvll6S2fNly5fzGzauYGBgqihikoFqS8/OK83NS9ZwhNEghAwQwghQWAACwxA+XYgAAAA==[0m[WARNING] 
[8mha:AAAAYx+LCAAAAAAAAP9b85aBtbiIQSWjNKU4P0+vJLE4u1gvPjexLDVPzxdEhicW5WXmpfvll6S2fNly5fzGzauYGBgqihikoFqS8/OK83NS9ZwhNEghAwQwghQWAACwxA+XYgAAAA==[0m[WARNING] For this reason, future Maven versions might no longer support building such malformed projects.
[8mha:AAAAYx+LCAAAAAAAAP9b85aBtbiIQSWjNKU4P0+vJLE4u1gvPjexLDVPzxdEhicW5WXmpfvll6S2fNly5fzGzauYGBgqihikoFqS8/OK83NS9ZwhNEghAwQwghQWAACwxA+XYgAAAA==[0m[WARNING] 
[INFO] ------------------------------------------------------------------------
[INFO] Reactor Build Order:
[INFO] 
[INFO] gameoflife
[INFO] gameoflife-build
[INFO] gameoflife-core
[INFO] gameoflife-web
[INFO]                                                                         
[INFO] ------------------------------------------------------------------------
[INFO] Building gameoflife 1.0-SNAPSHOT
[INFO] ------------------------------------------------------------------------
[INFO] 
[8mha:AAAAYB+LCAAAAAAAAP9b85aBtbiIQSmjNKU4P0+vJLE4u1gvPjexLDVPzxdEGvvmZ+X75ZekLlOVfvTjc8FPJgaGiiIGKaiG5Py84vycVD1nCA1SyAABjCCFBQCV27OjYAAAAA==[0m[INFO] --- maven-clean-plugin:2.5:clean (default-clean) @ gameoflife ---
[INFO] Deleting /var/lib/jenkins/jobs/Demo projekt/workspace/target
[INFO] 
[8mha:AAAAYB+LCAAAAAAAAP9b85aBtbiIQSmjNKU4P0+vJLE4u1gvPjexLDVPzxdEGvvmZ+X75ZekLlOVfvTjc8FPJgaGiiIGKaiG5Py84vycVD1nCA1SyAABjCCFBQCV27OjYAAAAA==[0m[INFO] --- maven-enforcer-plugin:1.0:enforce (enforce-versions) @ gameoflife ---
[INFO] 
[8mha:AAAAYB+LCAAAAAAAAP9b85aBtbiIQSmjNKU4P0+vJLE4u1gvPjexLDVPzxdEGvvmZ+X75ZekLlOVfvTjc8FPJgaGiiIGKaiG5Py84vycVD1nCA1SyAABjCCFBQCV27OjYAAAAA==[0m[INFO] --- jacoco-maven-plugin:0.7.2.201409121644:prepare-agent (jacoco-initialize) @ gameoflife ---
[INFO] argLine set to "-javaagent:/var/lib/jenkins/.m2/repository/org/jacoco/org.jacoco.agent/0.7.2.201409121644/org.jacoco.agent-0.7.2.201409121644-runtime.jar=destfile=/var/lib/jenkins/jobs/Demo projekt/workspace/target/jacoco.exec"
[INFO] 
[8mha:AAAAYB+LCAAAAAAAAP9b85aBtbiIQSmjNKU4P0+vJLE4u1gvPjexLDVPzxdEGvvmZ+X75ZekLlOVfvTjc8FPJgaGiiIGKaiG5Py84vycVD1nCA1SyAABjCCFBQCV27OjYAAAAA==[0m[INFO] --- maven-surefire-plugin:2.11:test (unit-tests) @ gameoflife ---
[INFO] No tests to run.
[INFO] Surefire report directory: /var/lib/jenkins/jobs/Demo projekt/workspace/target/surefire-reports

-------------------------------------------------------
 T E S T S
-------------------------------------------------------

Results :

Tests run: 0, Failures: 0, Errors: 0, Skipped: 0

[INFO] 
[8mha:AAAAYB+LCAAAAAAAAP9b85aBtbiIQSmjNKU4P0+vJLE4u1gvPjexLDVPzxdEGvvmZ+X75ZekLlOVfvTjc8FPJgaGiiIGKaiG5Py84vycVD1nCA1SyAABjCCFBQCV27OjYAAAAA==[0m[INFO] --- maven-easyb-plugin:1.4:test (default) @ gameoflife ---
[INFO] /var/lib/jenkins/jobs/Demo projekt/workspace/src/test/stories does not exists.  Skipping easyb testing
[INFO] 
[8mha:AAAAYB+LCAAAAAAAAP9b85aBtbiIQSmjNKU4P0+vJLE4u1gvPjexLDVPzxdEGvvmZ+X75ZekLlOVfvTjc8FPJgaGiiIGKaiG5Py84vycVD1nCA1SyAABjCCFBQCV27OjYAAAAA==[0m[INFO] --- maven-surefire-plugin:2.11:test (integration-tests) @ gameoflife ---
[INFO] No tests to run.
[INFO] Surefire report directory: /var/lib/jenkins/jobs/Demo projekt/workspace/target/surefire-reports

-------------------------------------------------------
 T E S T S
-------------------------------------------------------

Results :

Tests run: 0, Failures: 0, Errors: 0, Skipped: 0

[INFO] 
[8mha:AAAAYB+LCAAAAAAAAP9b85aBtbiIQSmjNKU4P0+vJLE4u1gvPjexLDVPzxdEGvvmZ+X75ZekLlOVfvTjc8FPJgaGiiIGKaiG5Py84vycVD1nCA1SyAABjCCFBQCV27OjYAAAAA==[0m[INFO] --- jacoco-maven-plugin:0.7.2.201409121644:report (jacoco-site) @ gameoflife ---
[INFO] Skipping JaCoCo execution due to missing classes directory:/var/lib/jenkins/jobs/Demo projekt/workspace/target/classes
[INFO] 
[8mha:AAAAYB+LCAAAAAAAAP9b85aBtbiIQSmjNKU4P0+vJLE4u1gvPjexLDVPzxdEGvvmZ+X75ZekLlOVfvTjc8FPJgaGiiIGKaiG5Py84vycVD1nCA1SyAABjCCFBQCV27OjYAAAAA==[0m[INFO] --- maven-install-plugin:2.3:install (default-install) @ gameoflife ---
[INFO] Installing /var/lib/jenkins/jobs/Demo projekt/workspace/pom.xml to /var/lib/jenkins/.m2/repository/com/wakaleo/gameoflife/gameoflife/1.0-SNAPSHOT/gameoflife-1.0-SNAPSHOT.pom
[INFO]                                                                         
[INFO] ------------------------------------------------------------------------
[INFO] Building gameoflife-build 1.0-SNAPSHOT
[INFO] ------------------------------------------------------------------------
[INFO] 
[8mha:AAAAYB+LCAAAAAAAAP9b85aBtbiIQSmjNKU4P0+vJLE4u1gvPjexLDVPzxdEGvvmZ+X75ZekLlOVfvTjc8FPJgaGiiIGKaiG5Py84vycVD1nCA1SyAABjCCFBQCV27OjYAAAAA==[0m[INFO] --- maven-clean-plugin:2.5:clean (default-clean) @ gameoflife-build ---
[INFO] Deleting /var/lib/jenkins/jobs/Demo projekt/workspace/gameoflife-build/target
[INFO] 
[8mha:AAAAYB+LCAAAAAAAAP9b85aBtbiIQSmjNKU4P0+vJLE4u1gvPjexLDVPzxdEGvvmZ+X75ZekLlOVfvTjc8FPJgaGiiIGKaiG5Py84vycVD1nCA1SyAABjCCFBQCV27OjYAAAAA==[0m[INFO] --- maven-enforcer-plugin:1.0:enforce (enforce-versions) @ gameoflife-build ---
[INFO] 
[8mha:AAAAYB+LCAAAAAAAAP9b85aBtbiIQSmjNKU4P0+vJLE4u1gvPjexLDVPzxdEGvvmZ+X75ZekLlOVfvTjc8FPJgaGiiIGKaiG5Py84vycVD1nCA1SyAABjCCFBQCV27OjYAAAAA==[0m[INFO] --- maven-resources-plugin:2.3:resources (default-resources) @ gameoflife-build ---
[INFO] Using 'UTF-8' encoding to copy filtered resources.
[INFO] Copying 2 resources
[INFO] 
[8mha:AAAAYB+LCAAAAAAAAP9b85aBtbiIQSmjNKU4P0+vJLE4u1gvPjexLDVPzxdEGvvmZ+X75ZekLlOVfvTjc8FPJgaGiiIGKaiG5Py84vycVD1nCA1SyAABjCCFBQCV27OjYAAAAA==[0m[INFO] --- jacoco-maven-plugin:0.7.2.201409121644:prepare-agent (jacoco-initialize) @ gameoflife-build ---
[INFO] argLine set to "-javaagent:/var/lib/jenkins/.m2/repository/org/jacoco/org.jacoco.agent/0.7.2.201409121644/org.jacoco.agent-0.7.2.201409121644-runtime.jar=destfile=/var/lib/jenkins/jobs/Demo projekt/workspace/gameoflife-build/target/jacoco.exec"
[INFO] 
[8mha:AAAAYB+LCAAAAAAAAP9b85aBtbiIQSmjNKU4P0+vJLE4u1gvPjexLDVPzxdEGvvmZ+X75ZekLlOVfvTjc8FPJgaGiiIGKaiG5Py84vycVD1nCA1SyAABjCCFBQCV27OjYAAAAA==[0m[INFO] --- maven-compiler-plugin:3.1:compile (default-compile) @ gameoflife-build ---
[INFO] No sources to compile
[INFO] 
[8mha:AAAAYB+LCAAAAAAAAP9b85aBtbiIQSmjNKU4P0+vJLE4u1gvPjexLDVPzxdEGvvmZ+X75ZekLlOVfvTjc8FPJgaGiiIGKaiG5Py84vycVD1nCA1SyAABjCCFBQCV27OjYAAAAA==[0m[INFO] --- maven-resources-plugin:2.3:testResources (default-testResources) @ gameoflife-build ---
[INFO] Using 'UTF-8' encoding to copy filtered resources.
[INFO] skip non existing resourceDirectory /var/lib/jenkins/jobs/Demo projekt/workspace/gameoflife-build/src/test/resources
[INFO] 
[8mha:AAAAYB+LCAAAAAAAAP9b85aBtbiIQSmjNKU4P0+vJLE4u1gvPjexLDVPzxdEGvvmZ+X75ZekLlOVfvTjc8FPJgaGiiIGKaiG5Py84vycVD1nCA1SyAABjCCFBQCV27OjYAAAAA==[0m[INFO] --- maven-compiler-plugin:3.1:testCompile (default-testCompile) @ gameoflife-build ---
[INFO] No sources to compile
[INFO] 
[8mha:AAAAYB+LCAAAAAAAAP9b85aBtbiIQSmjNKU4P0+vJLE4u1gvPjexLDVPzxdEGvvmZ+X75ZekLlOVfvTjc8FPJgaGiiIGKaiG5Py84vycVD1nCA1SyAABjCCFBQCV27OjYAAAAA==[0m[INFO] --- maven-surefire-plugin:2.11:test (default-test) @ gameoflife-build ---
[INFO] Tests are skipped.
[INFO] 
[8mha:AAAAYB+LCAAAAAAAAP9b85aBtbiIQSmjNKU4P0+vJLE4u1gvPjexLDVPzxdEGvvmZ+X75ZekLlOVfvTjc8FPJgaGiiIGKaiG5Py84vycVD1nCA1SyAABjCCFBQCV27OjYAAAAA==[0m[INFO] --- maven-surefire-plugin:2.11:test (unit-tests) @ gameoflife-build ---
[INFO] No tests to run.
[INFO] Surefire report directory: /var/lib/jenkins/jobs/Demo projekt/workspace/gameoflife-build/target/surefire-reports

-------------------------------------------------------
 T E S T S
-------------------------------------------------------

Results :

Tests run: 0, Failures: 0, Errors: 0, Skipped: 0

[INFO] 
[8mha:AAAAYB+LCAAAAAAAAP9b85aBtbiIQSmjNKU4P0+vJLE4u1gvPjexLDVPzxdEGvvmZ+X75ZekLlOVfvTjc8FPJgaGiiIGKaiG5Py84vycVD1nCA1SyAABjCCFBQCV27OjYAAAAA==[0m[INFO] --- maven-easyb-plugin:1.4:test (default) @ gameoflife-build ---
[INFO] /var/lib/jenkins/jobs/Demo projekt/workspace/gameoflife-build/src/test/stories does not exists.  Skipping easyb testing
[INFO] 
[8mha:AAAAYB+LCAAAAAAAAP9b85aBtbiIQSmjNKU4P0+vJLE4u1gvPjexLDVPzxdEGvvmZ+X75ZekLlOVfvTjc8FPJgaGiiIGKaiG5Py84vycVD1nCA1SyAABjCCFBQCV27OjYAAAAA==[0m[INFO] --- maven-jar-plugin:2.2:jar (default-jar) @ gameoflife-build ---
[INFO] Building jar: /var/lib/jenkins/jobs/Demo projekt/workspace/gameoflife-build/target/gameoflife-build-1.0-SNAPSHOT.jar
[INFO] 
[8mha:AAAAYB+LCAAAAAAAAP9b85aBtbiIQSmjNKU4P0+vJLE4u1gvPjexLDVPzxdEGvvmZ+X75ZekLlOVfvTjc8FPJgaGiiIGKaiG5Py84vycVD1nCA1SyAABjCCFBQCV27OjYAAAAA==[0m[INFO] --- maven-surefire-plugin:2.11:test (integration-tests) @ gameoflife-build ---
[INFO] No tests to run.
[INFO] Surefire report directory: /var/lib/jenkins/jobs/Demo projekt/workspace/gameoflife-build/target/surefire-reports

-------------------------------------------------------
 T E S T S
-------------------------------------------------------

Results :

Tests run: 0, Failures: 0, Errors: 0, Skipped: 0

[INFO] 
[8mha:AAAAYB+LCAAAAAAAAP9b85aBtbiIQSmjNKU4P0+vJLE4u1gvPjexLDVPzxdEGvvmZ+X75ZekLlOVfvTjc8FPJgaGiiIGKaiG5Py84vycVD1nCA1SyAABjCCFBQCV27OjYAAAAA==[0m[INFO] --- jacoco-maven-plugin:0.7.2.201409121644:report (jacoco-site) @ gameoflife-build ---
[INFO] Analyzed bundle 'gameoflife-build' with 0 classes
[INFO] 
[8mha:AAAAYB+LCAAAAAAAAP9b85aBtbiIQSmjNKU4P0+vJLE4u1gvPjexLDVPzxdEGvvmZ+X75ZekLlOVfvTjc8FPJgaGiiIGKaiG5Py84vycVD1nCA1SyAABjCCFBQCV27OjYAAAAA==[0m[INFO] --- maven-install-plugin:2.3:install (default-install) @ gameoflife-build ---
[INFO] Installing /var/lib/jenkins/jobs/Demo projekt/workspace/gameoflife-build/target/gameoflife-build-1.0-SNAPSHOT.jar to /var/lib/jenkins/.m2/repository/com/wakaleo/gameoflife/gameoflife-build/1.0-SNAPSHOT/gameoflife-build-1.0-SNAPSHOT.jar
[INFO] Installing /var/lib/jenkins/jobs/Demo projekt/workspace/gameoflife-build/pom.xml to /var/lib/jenkins/.m2/repository/com/wakaleo/gameoflife/gameoflife-build/1.0-SNAPSHOT/gameoflife-build-1.0-SNAPSHOT.pom
[INFO]                                                                         
[INFO] ------------------------------------------------------------------------
[INFO] Building gameoflife-core 1.0-SNAPSHOT
[INFO] ------------------------------------------------------------------------
[INFO] 
[8mha:AAAAYB+LCAAAAAAAAP9b85aBtbiIQSmjNKU4P0+vJLE4u1gvPjexLDVPzxdEGvvmZ+X75ZekLlOVfvTjc8FPJgaGiiIGKaiG5Py84vycVD1nCA1SyAABjCCFBQCV27OjYAAAAA==[0m[INFO] --- maven-clean-plugin:2.5:clean (default-clean) @ gameoflife-core ---
[INFO] Deleting /var/lib/jenkins/jobs/Demo projekt/workspace/gameoflife-core/target
[INFO] 
[8mha:AAAAYB+LCAAAAAAAAP9b85aBtbiIQSmjNKU4P0+vJLE4u1gvPjexLDVPzxdEGvvmZ+X75ZekLlOVfvTjc8FPJgaGiiIGKaiG5Py84vycVD1nCA1SyAABjCCFBQCV27OjYAAAAA==[0m[INFO] --- maven-enforcer-plugin:1.0:enforce (enforce-versions) @ gameoflife-core ---
[INFO] 
[8mha:AAAAYB+LCAAAAAAAAP9b85aBtbiIQSmjNKU4P0+vJLE4u1gvPjexLDVPzxdEGvvmZ+X75ZekLlOVfvTjc8FPJgaGiiIGKaiG5Py84vycVD1nCA1SyAABjCCFBQCV27OjYAAAAA==[0m[INFO] --- maven-resources-plugin:2.3:resources (default-resources) @ gameoflife-core ---
[INFO] Using 'UTF-8' encoding to copy filtered resources.
[INFO] skip non existing resourceDirectory /var/lib/jenkins/jobs/Demo projekt/workspace/gameoflife-core/src/main/resources
[INFO] 
[8mha:AAAAYB+LCAAAAAAAAP9b85aBtbiIQSmjNKU4P0+vJLE4u1gvPjexLDVPzxdEGvvmZ+X75ZekLlOVfvTjc8FPJgaGiiIGKaiG5Py84vycVD1nCA1SyAABjCCFBQCV27OjYAAAAA==[0m[INFO] --- jacoco-maven-plugin:0.7.2.201409121644:prepare-agent (jacoco-initialize) @ gameoflife-core ---
[INFO] argLine set to "-javaagent:/var/lib/jenkins/.m2/repository/org/jacoco/org.jacoco.agent/0.7.2.201409121644/org.jacoco.agent-0.7.2.201409121644-runtime.jar=destfile=/var/lib/jenkins/jobs/Demo projekt/workspace/gameoflife-core/target/jacoco.exec"
[INFO] 
[8mha:AAAAYB+LCAAAAAAAAP9b85aBtbiIQSmjNKU4P0+vJLE4u1gvPjexLDVPzxdEGvvmZ+X75ZekLlOVfvTjc8FPJgaGiiIGKaiG5Py84vycVD1nCA1SyAABjCCFBQCV27OjYAAAAA==[0m[INFO] --- maven-compiler-plugin:3.1:compile (default-compile) @ gameoflife-core ---
[INFO] Changes detected - recompiling the module!
[INFO] Compiling 5 source files to /var/lib/jenkins/jobs/Demo projekt/workspace/gameoflife-core/target/classes
[INFO] 
[8mha:AAAAYB+LCAAAAAAAAP9b85aBtbiIQSmjNKU4P0+vJLE4u1gvPjexLDVPzxdEGvvmZ+X75ZekLlOVfvTjc8FPJgaGiiIGKaiG5Py84vycVD1nCA1SyAABjCCFBQCV27OjYAAAAA==[0m[INFO] --- maven-resources-plugin:2.3:testResources (default-testResources) @ gameoflife-core ---
[INFO] Using 'UTF-8' encoding to copy filtered resources.
[INFO] skip non existing resourceDirectory /var/lib/jenkins/jobs/Demo projekt/workspace/gameoflife-core/src/test/resources
[INFO] 
[8mha:AAAAYB+LCAAAAAAAAP9b85aBtbiIQSmjNKU4P0+vJLE4u1gvPjexLDVPzxdEGvvmZ+X75ZekLlOVfvTjc8FPJgaGiiIGKaiG5Py84vycVD1nCA1SyAABjCCFBQCV27OjYAAAAA==[0m[INFO] --- maven-compiler-plugin:3.1:testCompile (default-testCompile) @ gameoflife-core ---
[INFO] Changes detected - recompiling the module!
[INFO] Compiling 10 source files to /var/lib/jenkins/jobs/Demo projekt/workspace/gameoflife-core/target/test-classes
[INFO] 
[8mha:AAAAYB+LCAAAAAAAAP9b85aBtbiIQSmjNKU4P0+vJLE4u1gvPjexLDVPzxdEGvvmZ+X75ZekLlOVfvTjc8FPJgaGiiIGKaiG5Py84vycVD1nCA1SyAABjCCFBQCV27OjYAAAAA==[0m[INFO] --- maven-surefire-plugin:2.11:test (default-test) @ gameoflife-core ---
[INFO] Tests are skipped.
[INFO] 
[8mha:AAAAYB+LCAAAAAAAAP9b85aBtbiIQSmjNKU4P0+vJLE4u1gvPjexLDVPzxdEGvvmZ+X75ZekLlOVfvTjc8FPJgaGiiIGKaiG5Py84vycVD1nCA1SyAABjCCFBQCV27OjYAAAAA==[0m[INFO] --- maven-surefire-plugin:2.11:test (unit-tests) @ gameoflife-core ---
[INFO] Surefire report directory: /var/lib/jenkins/jobs/Demo projekt/workspace/gameoflife-core/target/surefire-reports

-------------------------------------------------------
 T E S T S
-------------------------------------------------------
Running com.wakaleo.gameoflife.domain.WhenYouReadAGridFromAString
Tests run: 8, Failures: 0, Errors: 0, Skipped: 0, Time elapsed: 0.412 sec
Running com.wakaleo.gameoflife.domain.WhenYouCreateACell
Tests run: 6, Failures: 0, Errors: 0, Skipped: 0, Time elapsed: 0.013 sec
Running com.wakaleo.gameoflife.domain.WhenYouPrintAGrid
Tests run: 3, Failures: 0, Errors: 0, Skipped: 0, Time elapsed: 0.017 sec
Running com.wakaleo.gameoflife.domain.WhenYouPlayTheGameOfLife
Tests run: 5, Failures: 0, Errors: 0, Skipped: 0, Time elapsed: 0.035 sec

Results :

Tests run: 22, Failures: 0, Errors: 0, Skipped: 0

[INFO] 
[8mha:AAAAYB+LCAAAAAAAAP9b85aBtbiIQSmjNKU4P0+vJLE4u1gvPjexLDVPzxdEGvvmZ+X75ZekLlOVfvTjc8FPJgaGiiIGKaiG5Py84vycVD1nCA1SyAABjCCFBQCV27OjYAAAAA==[0m[INFO] --- maven-easyb-plugin:1.4:test (default) @ gameoflife-core ---
[INFO] artifact org.easyb:easyb-composite-groovy: checking for updates from central
[INFO] artifact org.easyb:easyb-ast: checking for updates from central
[INFO] Using easyb dependency org.easyb:easyb-core:jar:1.6:compile
[INFO] Using easyb dependency org.easyb:easyb-composite-groovy:pom:1.2:compile
[INFO] Using easyb dependency org.codehaus.groovy:groovy-all:jar:2.3.6:compile
[INFO] Using easyb dependency org.easyb:easyb-ast:jar:1.1:compile
[INFO] Using easyb dependency commons-cli:commons-cli:jar:1.2:compile
[INFO] Using easyb dependency commons-lang:commons-lang:jar:2.5:compile
     [java] Running counting things story (/var/lib/jenkins/jobs/Demo projekt/workspace/gameoflife-core/src/test/stories/CountingThings.story)
     [java] Scenarios run: 1, Failures: 0, Pending: 0, Time elapsed: 1.231 sec
     [java] Running multiplying things story (/var/lib/jenkins/jobs/Demo projekt/workspace/gameoflife-core/src/test/stories/MultiplyingThings.story)
     [java] Scenarios run: 1, Failures: 0, Pending: 1, Time elapsed: 0.1 sec
     [java] 2 total behaviors ran with no failures
     [java] Writing JUnit report to /var/lib/jenkins/jobs/Demo projekt/workspace/gameoflife-core/target/surefire-reports/TEST-behavior.CountingThings.xml
     [java] JUnit report written to /var/lib/jenkins/jobs/Demo projekt/workspace/gameoflife-core/target/surefire-reports/TEST-behavior.CountingThings.xml
     [java] Writing JUnit report to /var/lib/jenkins/jobs/Demo projekt/workspace/gameoflife-core/target/surefire-reports/TEST-behavior.MultiplyingThings.xml
     [java] JUnit report written to /var/lib/jenkins/jobs/Demo projekt/workspace/gameoflife-core/target/surefire-reports/TEST-behavior.MultiplyingThings.xml
[INFO] 
[8mha:AAAAYB+LCAAAAAAAAP9b85aBtbiIQSmjNKU4P0+vJLE4u1gvPjexLDVPzxdEGvvmZ+X75ZekLlOVfvTjc8FPJgaGiiIGKaiG5Py84vycVD1nCA1SyAABjCCFBQCV27OjYAAAAA==[0m[INFO] --- maven-jar-plugin:2.2:jar (default-jar) @ gameoflife-core ---
[INFO] Building jar: /var/lib/jenkins/jobs/Demo projekt/workspace/gameoflife-core/target/gameoflife-core-1.0-SNAPSHOT.jar
[INFO] 
[8mha:AAAAYB+LCAAAAAAAAP9b85aBtbiIQSmjNKU4P0+vJLE4u1gvPjexLDVPzxdEGvvmZ+X75ZekLlOVfvTjc8FPJgaGiiIGKaiG5Py84vycVD1nCA1SyAABjCCFBQCV27OjYAAAAA==[0m[INFO] --- maven-surefire-plugin:2.11:test (integration-tests) @ gameoflife-core ---
[INFO] Surefire report directory: /var/lib/jenkins/jobs/Demo projekt/workspace/gameoflife-core/target/surefire-reports

-------------------------------------------------------
 T E S T S
-------------------------------------------------------
Running com.wakaleo.gameoflife.integration.WhenYouStoreGamesInADatabase
Tests run: 2, Failures: 0, Errors: 0, Skipped: 0, Time elapsed: 0.321 sec

Results :

Tests run: 2, Failures: 0, Errors: 0, Skipped: 0

[INFO] 
[8mha:AAAAYB+LCAAAAAAAAP9b85aBtbiIQSmjNKU4P0+vJLE4u1gvPjexLDVPzxdEGvvmZ+X75ZekLlOVfvTjc8FPJgaGiiIGKaiG5Py84vycVD1nCA1SyAABjCCFBQCV27OjYAAAAA==[0m[INFO] --- jacoco-maven-plugin:0.7.2.201409121644:report (jacoco-site) @ gameoflife-core ---
[INFO] Analyzed bundle 'gameoflife-core' with 5 classes
[INFO] 
[8mha:AAAAYB+LCAAAAAAAAP9b85aBtbiIQSmjNKU4P0+vJLE4u1gvPjexLDVPzxdEGvvmZ+X75ZekLlOVfvTjc8FPJgaGiiIGKaiG5Py84vycVD1nCA1SyAABjCCFBQCV27OjYAAAAA==[0m[INFO] --- maven-install-plugin:2.3:install (default-install) @ gameoflife-core ---
[INFO] Installing /var/lib/jenkins/jobs/Demo projekt/workspace/gameoflife-core/target/gameoflife-core-1.0-SNAPSHOT.jar to /var/lib/jenkins/.m2/repository/com/wakaleo/gameoflife/gameoflife-core/1.0-SNAPSHOT/gameoflife-core-1.0-SNAPSHOT.jar
[INFO] Installing /var/lib/jenkins/jobs/Demo projekt/workspace/gameoflife-core/pom.xml to /var/lib/jenkins/.m2/repository/com/wakaleo/gameoflife/gameoflife-core/1.0-SNAPSHOT/gameoflife-core-1.0-SNAPSHOT.pom
[INFO]                                                                         
[INFO] ------------------------------------------------------------------------
[INFO] Building gameoflife-web 1.0-SNAPSHOT
[INFO] ------------------------------------------------------------------------
[INFO] 
[8mha:AAAAYB+LCAAAAAAAAP9b85aBtbiIQSmjNKU4P0+vJLE4u1gvPjexLDVPzxdEGvvmZ+X75ZekLlOVfvTjc8FPJgaGiiIGKaiG5Py84vycVD1nCA1SyAABjCCFBQCV27OjYAAAAA==[0m[INFO] --- maven-clean-plugin:2.5:clean (default-clean) @ gameoflife-web ---
[INFO] Deleting /var/lib/jenkins/jobs/Demo projekt/workspace/gameoflife-web/target
[INFO] 
[8mha:AAAAYB+LCAAAAAAAAP9b85aBtbiIQSmjNKU4P0+vJLE4u1gvPjexLDVPzxdEGvvmZ+X75ZekLlOVfvTjc8FPJgaGiiIGKaiG5Py84vycVD1nCA1SyAABjCCFBQCV27OjYAAAAA==[0m[INFO] --- maven-enforcer-plugin:1.0:enforce (enforce-versions) @ gameoflife-web ---
[INFO] 
[8mha:AAAAYB+LCAAAAAAAAP9b85aBtbiIQSmjNKU4P0+vJLE4u1gvPjexLDVPzxdEGvvmZ+X75ZekLlOVfvTjc8FPJgaGiiIGKaiG5Py84vycVD1nCA1SyAABjCCFBQCV27OjYAAAAA==[0m[INFO] --- maven-resources-plugin:2.3:resources (default-resources) @ gameoflife-web ---
[INFO] Using 'UTF-8' encoding to copy filtered resources.
[INFO] Copying 1 resource
[INFO] 
[8mha:AAAAYB+LCAAAAAAAAP9b85aBtbiIQSmjNKU4P0+vJLE4u1gvPjexLDVPzxdEGvvmZ+X75ZekLlOVfvTjc8FPJgaGiiIGKaiG5Py84vycVD1nCA1SyAABjCCFBQCV27OjYAAAAA==[0m[INFO] --- jacoco-maven-plugin:0.7.2.201409121644:prepare-agent (jacoco-initialize) @ gameoflife-web ---
[INFO] argLine set to "-javaagent:/var/lib/jenkins/.m2/repository/org/jacoco/org.jacoco.agent/0.7.2.201409121644/org.jacoco.agent-0.7.2.201409121644-runtime.jar=destfile=/var/lib/jenkins/jobs/Demo projekt/workspace/gameoflife-web/target/jacoco.exec"
[INFO] 
[8mha:AAAAYB+LCAAAAAAAAP9b85aBtbiIQSmjNKU4P0+vJLE4u1gvPjexLDVPzxdEGvvmZ+X75ZekLlOVfvTjc8FPJgaGiiIGKaiG5Py84vycVD1nCA1SyAABjCCFBQCV27OjYAAAAA==[0m[INFO] --- maven-compiler-plugin:3.1:compile (default-compile) @ gameoflife-web ---
[INFO] Changes detected - recompiling the module!
[INFO] Compiling 2 source files to /var/lib/jenkins/jobs/Demo projekt/workspace/gameoflife-web/target/classes
[INFO] 
[8mha:AAAAYB+LCAAAAAAAAP9b85aBtbiIQSmjNKU4P0+vJLE4u1gvPjexLDVPzxdEGvvmZ+X75ZekLlOVfvTjc8FPJgaGiiIGKaiG5Py84vycVD1nCA1SyAABjCCFBQCV27OjYAAAAA==[0m[INFO] --- maven-resources-plugin:2.3:testResources (default-testResources) @ gameoflife-web ---
[INFO] Using 'UTF-8' encoding to copy filtered resources.
[INFO] skip non existing resourceDirectory /var/lib/jenkins/jobs/Demo projekt/workspace/gameoflife-web/src/test/resources
[INFO] 
[8mha:AAAAYB+LCAAAAAAAAP9b85aBtbiIQSmjNKU4P0+vJLE4u1gvPjexLDVPzxdEGvvmZ+X75ZekLlOVfvTjc8FPJgaGiiIGKaiG5Py84vycVD1nCA1SyAABjCCFBQCV27OjYAAAAA==[0m[INFO] --- maven-compiler-plugin:3.1:testCompile (default-testCompile) @ gameoflife-web ---
[INFO] Changes detected - recompiling the module!
[INFO] Compiling 3 source files to /var/lib/jenkins/jobs/Demo projekt/workspace/gameoflife-web/target/test-classes
[INFO] 
[8mha:AAAAYB+LCAAAAAAAAP9b85aBtbiIQSmjNKU4P0+vJLE4u1gvPjexLDVPzxdEGvvmZ+X75ZekLlOVfvTjc8FPJgaGiiIGKaiG5Py84vycVD1nCA1SyAABjCCFBQCV27OjYAAAAA==[0m[INFO] --- maven-surefire-plugin:2.11:test (default-test) @ gameoflife-web ---
[INFO] Tests are skipped.
[INFO] 
[8mha:AAAAYB+LCAAAAAAAAP9b85aBtbiIQSmjNKU4P0+vJLE4u1gvPjexLDVPzxdEGvvmZ+X75ZekLlOVfvTjc8FPJgaGiiIGKaiG5Py84vycVD1nCA1SyAABjCCFBQCV27OjYAAAAA==[0m[INFO] --- maven-surefire-plugin:2.11:test (unit-tests) @ gameoflife-web ---
[INFO] Surefire report directory: /var/lib/jenkins/jobs/Demo projekt/workspace/gameoflife-web/target/surefire-reports

-------------------------------------------------------
 T E S T S
-------------------------------------------------------
Running com.wakaleo.gameoflife.webtests.controllers.WhenCreatingANewGame
Tests run: 3, Failures: 0, Errors: 0, Skipped: 0, Time elapsed: 1.62 sec
Running com.wakaleo.gameoflife.webtests.controllers.WhenSpawningANewGeneration
Tests run: 2, Failures: 0, Errors: 0, Skipped: 0, Time elapsed: 0.039 sec
Running com.wakaleo.gameoflife.webtests.controllers.WhenDisplayingTheHomePage
Tests run: 2, Failures: 0, Errors: 0, Skipped: 0, Time elapsed: 0.001 sec

Results :

Tests run: 7, Failures: 0, Errors: 0, Skipped: 0

[INFO] 
[8mha:AAAAYB+LCAAAAAAAAP9b85aBtbiIQSmjNKU4P0+vJLE4u1gvPjexLDVPzxdEGvvmZ+X75ZekLlOVfvTjc8FPJgaGiiIGKaiG5Py84vycVD1nCA1SyAABjCCFBQCV27OjYAAAAA==[0m[INFO] --- maven-easyb-plugin:1.4:test (default) @ gameoflife-web ---
[INFO] /var/lib/jenkins/jobs/Demo projekt/workspace/gameoflife-web/src/test/stories does not exists.  Skipping easyb testing
[INFO] 
[8mha:AAAAYB+LCAAAAAAAAP9b85aBtbiIQSmjNKU4P0+vJLE4u1gvPjexLDVPzxdEGvvmZ+X75ZekLlOVfvTjc8FPJgaGiiIGKaiG5Py84vycVD1nCA1SyAABjCCFBQCV27OjYAAAAA==[0m[INFO] --- maven-war-plugin:2.1.1:war (default-war) @ gameoflife-web ---
[INFO] Packaging webapp
[INFO] Assembling webapp [gameoflife-web] in [/var/lib/jenkins/jobs/Demo projekt/workspace/gameoflife-web/target/gameoflife]
[INFO] Processing war project
[INFO] Copying webapp resources [/var/lib/jenkins/jobs/Demo projekt/workspace/gameoflife-web/src/main/webapp]
[INFO] Webapp assembled in [113 msecs]
[INFO] Building war: /var/lib/jenkins/jobs/Demo projekt/workspace/gameoflife-web/target/gameoflife.war
[INFO] WEB-INF/web.xml already added, skipping
[INFO] 
[8mha:AAAAYB+LCAAAAAAAAP9b85aBtbiIQSmjNKU4P0+vJLE4u1gvPjexLDVPzxdEGvvmZ+X75ZekLlOVfvTjc8FPJgaGiiIGKaiG5Py84vycVD1nCA1SyAABjCCFBQCV27OjYAAAAA==[0m[INFO] --- maven-surefire-plugin:2.11:test (integration-tests) @ gameoflife-web ---
[INFO] Surefire report directory: /var/lib/jenkins/jobs/Demo projekt/workspace/gameoflife-web/target/surefire-reports

-------------------------------------------------------
 T E S T S
-------------------------------------------------------

Results :

Tests run: 0, Failures: 0, Errors: 0, Skipped: 0

[INFO] 
[8mha:AAAAYB+LCAAAAAAAAP9b85aBtbiIQSmjNKU4P0+vJLE4u1gvPjexLDVPzxdEGvvmZ+X75ZekLlOVfvTjc8FPJgaGiiIGKaiG5Py84vycVD1nCA1SyAABjCCFBQCV27OjYAAAAA==[0m[INFO] --- jacoco-maven-plugin:0.7.2.201409121644:report (jacoco-site) @ gameoflife-web ---
[INFO] Analyzed bundle 'gameoflife-web' with 2 classes
[INFO] 
[8mha:AAAAYB+LCAAAAAAAAP9b85aBtbiIQSmjNKU4P0+vJLE4u1gvPjexLDVPzxdEGvvmZ+X75ZekLlOVfvTjc8FPJgaGiiIGKaiG5Py84vycVD1nCA1SyAABjCCFBQCV27OjYAAAAA==[0m[INFO] --- maven-thucydides-plugin:0.9.268:aggregate (thucydides-reports) @ gameoflife-web ---
SLF4J: Failed to load class "org.slf4j.impl.StaticLoggerBinder".
SLF4J: Defaulting to no-operation (NOP) logger implementation
SLF4J: See http://www.slf4j.org/codes.html#StaticLoggerBinder for further details.
log4j:WARN No appenders could be found for logger (org.jboss.logging).
log4j:WARN Please initialize the log4j system properly.
[INFO] 
[8mha:AAAAYB+LCAAAAAAAAP9b85aBtbiIQSmjNKU4P0+vJLE4u1gvPjexLDVPzxdEGvvmZ+X75ZekLlOVfvTjc8FPJgaGiiIGKaiG5Py84vycVD1nCA1SyAABjCCFBQCV27OjYAAAAA==[0m[INFO] --- maven-install-plugin:2.3:install (default-install) @ gameoflife-web ---
[INFO] Installing /var/lib/jenkins/jobs/Demo projekt/workspace/gameoflife-web/target/gameoflife.war to /var/lib/jenkins/.m2/repository/com/wakaleo/gameoflife/gameoflife-web/1.0-SNAPSHOT/gameoflife-web-1.0-SNAPSHOT.war
[INFO] Installing /var/lib/jenkins/jobs/Demo projekt/workspace/gameoflife-web/pom.xml to /var/lib/jenkins/.m2/repository/com/wakaleo/gameoflife/gameoflife-web/1.0-SNAPSHOT/gameoflife-web-1.0-SNAPSHOT.pom
[INFO] ------------------------------------------------------------------------
[INFO] Reactor Summary:
[INFO] 
[INFO] gameoflife ........................................ SUCCESS [5.368s]
[INFO] gameoflife-build .................................. SUCCESS [3.104s]
[INFO] gameoflife-core ................................... SUCCESS [10.448s]
[INFO] gameoflife-web .................................... SUCCESS [10.601s]
[INFO] ------------------------------------------------------------------------
[INFO] BUILD SUCCESS
[INFO] ------------------------------------------------------------------------
[INFO] Total time: 30.746s
[INFO] Finished at: Wed Apr 08 13:56:39 UTC 2015
[INFO] Final Memory: 35M/83M
[INFO] ------------------------------------------------------------------------
[workspace] $ mvn javadoc:javadoc
[INFO] Scanning for projects...
[8mha:AAAAYx+LCAAAAAAAAP9b85aBtbiIQSWjNKU4P0+vJLE4u1gvPjexLDVPzxdEhicW5WXmpfvll6S2fNly5fzGzauYGBgqihikoFqS8/OK83NS9ZwhNEghAwQwghQWAACwxA+XYgAAAA==[0m[WARNING] 
[8mha:AAAAYx+LCAAAAAAAAP9b85aBtbiIQSWjNKU4P0+vJLE4u1gvPjexLDVPzxdEhicW5WXmpfvll6S2fNly5fzGzauYGBgqihikoFqS8/OK83NS9ZwhNEghAwQwghQWAACwxA+XYgAAAA==[0m[WARNING] Some problems were encountered while building the effective model for com.wakaleo.gameoflife:gameoflife-core:jar:1.0-SNAPSHOT
[8mha:AAAAYx+LCAAAAAAAAP9b85aBtbiIQSWjNKU4P0+vJLE4u1gvPjexLDVPzxdEhicW5WXmpfvll6S2fNly5fzGzauYGBgqihikoFqS8/OK83NS9ZwhNEghAwQwghQWAACwxA+XYgAAAA==[0m[WARNING] 'reporting.plugins.plugin.version' for org.apache.maven.plugins:maven-project-info-reports-plugin is missing. @ line 16, column 21
[8mha:AAAAYx+LCAAAAAAAAP9b85aBtbiIQSWjNKU4P0+vJLE4u1gvPjexLDVPzxdEhicW5WXmpfvll6S2fNly5fzGzauYGBgqihikoFqS8/OK83NS9ZwhNEghAwQwghQWAACwxA+XYgAAAA==[0m[WARNING] 
[8mha:AAAAYx+LCAAAAAAAAP9b85aBtbiIQSWjNKU4P0+vJLE4u1gvPjexLDVPzxdEhicW5WXmpfvll6S2fNly5fzGzauYGBgqihikoFqS8/OK83NS9ZwhNEghAwQwghQWAACwxA+XYgAAAA==[0m[WARNING] It is highly recommended to fix these problems because they threaten the stability of your build.
[8mha:AAAAYx+LCAAAAAAAAP9b85aBtbiIQSWjNKU4P0+vJLE4u1gvPjexLDVPzxdEhicW5WXmpfvll6S2fNly5fzGzauYGBgqihikoFqS8/OK83NS9ZwhNEghAwQwghQWAACwxA+XYgAAAA==[0m[WARNING] 
[8mha:AAAAYx+LCAAAAAAAAP9b85aBtbiIQSWjNKU4P0+vJLE4u1gvPjexLDVPzxdEhicW5WXmpfvll6S2fNly5fzGzauYGBgqihikoFqS8/OK83NS9ZwhNEghAwQwghQWAACwxA+XYgAAAA==[0m[WARNING] For this reason, future Maven versions might no longer support building such malformed projects.
[8mha:AAAAYx+LCAAAAAAAAP9b85aBtbiIQSWjNKU4P0+vJLE4u1gvPjexLDVPzxdEhicW5WXmpfvll6S2fNly5fzGzauYGBgqihikoFqS8/OK83NS9ZwhNEghAwQwghQWAACwxA+XYgAAAA==[0m[WARNING] 
[INFO] ------------------------------------------------------------------------
[INFO] Reactor Build Order:
[INFO] 
[INFO] gameoflife
[INFO] gameoflife-build
[INFO] gameoflife-core
[INFO] gameoflife-web
[INFO]                                                                         
[INFO] ------------------------------------------------------------------------
[INFO] Building gameoflife 1.0-SNAPSHOT
[INFO] ------------------------------------------------------------------------
[INFO] 
[INFO] >>> maven-javadoc-plugin:2.10.1:javadoc (default-cli) @ gameoflife >>>
[INFO] 
[8mha:AAAAYB+LCAAAAAAAAP9b85aBtbiIQSmjNKU4P0+vJLE4u1gvPjexLDVPzxdEGvvmZ+X75ZekLlOVfvTjc8FPJgaGiiIGKaiG5Py84vycVD1nCA1SyAABjCCFBQCV27OjYAAAAA==[0m[INFO] --- maven-enforcer-plugin:1.0:enforce (enforce-versions) @ gameoflife ---
[INFO] 
[INFO] <<< maven-javadoc-plugin:2.10.1:javadoc (default-cli) @ gameoflife <<<
[INFO] 
[8mha:AAAAYB+LCAAAAAAAAP9b85aBtbiIQSmjNKU4P0+vJLE4u1gvPjexLDVPzxdEGvvmZ+X75ZekLlOVfvTjc8FPJgaGiiIGKaiG5Py84vycVD1nCA1SyAABjCCFBQCV27OjYAAAAA==[0m[INFO] --- maven-javadoc-plugin:2.10.1:javadoc (default-cli) @ gameoflife ---
[INFO]                                                                         
[INFO] ------------------------------------------------------------------------
[INFO] Building gameoflife-build 1.0-SNAPSHOT
[INFO] ------------------------------------------------------------------------
[INFO] 
[INFO] >>> maven-javadoc-plugin:2.10.1:javadoc (default-cli) @ gameoflife-build >>>
[INFO] 
[8mha:AAAAYB+LCAAAAAAAAP9b85aBtbiIQSmjNKU4P0+vJLE4u1gvPjexLDVPzxdEGvvmZ+X75ZekLlOVfvTjc8FPJgaGiiIGKaiG5Py84vycVD1nCA1SyAABjCCFBQCV27OjYAAAAA==[0m[INFO] --- maven-enforcer-plugin:1.0:enforce (enforce-versions) @ gameoflife-build ---
[INFO] 
[INFO] <<< maven-javadoc-plugin:2.10.1:javadoc (default-cli) @ gameoflife-build <<<
[INFO] 
[8mha:AAAAYB+LCAAAAAAAAP9b85aBtbiIQSmjNKU4P0+vJLE4u1gvPjexLDVPzxdEGvvmZ+X75ZekLlOVfvTjc8FPJgaGiiIGKaiG5Py84vycVD1nCA1SyAABjCCFBQCV27OjYAAAAA==[0m[INFO] --- maven-javadoc-plugin:2.10.1:javadoc (default-cli) @ gameoflife-build ---
[INFO]                                                                         
[INFO] ------------------------------------------------------------------------
[INFO] Building gameoflife-core 1.0-SNAPSHOT
[INFO] ------------------------------------------------------------------------
[INFO] 
[INFO] >>> maven-javadoc-plugin:2.10.1:javadoc (default-cli) @ gameoflife-core >>>
[INFO] 
[8mha:AAAAYB+LCAAAAAAAAP9b85aBtbiIQSmjNKU4P0+vJLE4u1gvPjexLDVPzxdEGvvmZ+X75ZekLlOVfvTjc8FPJgaGiiIGKaiG5Py84vycVD1nCA1SyAABjCCFBQCV27OjYAAAAA==[0m[INFO] --- maven-enforcer-plugin:1.0:enforce (enforce-versions) @ gameoflife-core ---
[INFO] 
[INFO] <<< maven-javadoc-plugin:2.10.1:javadoc (default-cli) @ gameoflife-core <<<
[INFO] 
[8mha:AAAAYB+LCAAAAAAAAP9b85aBtbiIQSmjNKU4P0+vJLE4u1gvPjexLDVPzxdEGvvmZ+X75ZekLlOVfvTjc8FPJgaGiiIGKaiG5Py84vycVD1nCA1SyAABjCCFBQCV27OjYAAAAA==[0m[INFO] --- maven-javadoc-plugin:2.10.1:javadoc (default-cli) @ gameoflife-core ---
[INFO] 
Loading source files for package com.wakaleo.gameoflife.domain...
Constructing Javadoc information...
Standard Doclet version 1.7.0_65
Building tree for all the packages and classes...
Generating /var/lib/jenkins/jobs/Demo projekt/workspace/gameoflife-core/target/site/apidocs/com/wakaleo/gameoflife/domain/Cell.html...
Generating /var/lib/jenkins/jobs/Demo projekt/workspace/gameoflife-core/target/site/apidocs/com/wakaleo/gameoflife/domain/Grid.html...
Generating /var/lib/jenkins/jobs/Demo projekt/workspace/gameoflife-core/target/site/apidocs/com/wakaleo/gameoflife/domain/GridReader.html...
Generating /var/lib/jenkins/jobs/Demo projekt/workspace/gameoflife-core/target/site/apidocs/com/wakaleo/gameoflife/domain/GridWriter.html...
Generating /var/lib/jenkins/jobs/Demo projekt/workspace/gameoflife-core/target/site/apidocs/com/wakaleo/gameoflife/domain/Universe.html...
Generating /var/lib/jenkins/jobs/Demo projekt/workspace/gameoflife-core/target/site/apidocs/com/wakaleo/gameoflife/domain/package-frame.html...
Generating /var/lib/jenkins/jobs/Demo projekt/workspace/gameoflife-core/target/site/apidocs/com/wakaleo/gameoflife/domain/package-summary.html...
Generating /var/lib/jenkins/jobs/Demo projekt/workspace/gameoflife-core/target/site/apidocs/com/wakaleo/gameoflife/domain/package-tree.html...
Generating /var/lib/jenkins/jobs/Demo projekt/workspace/gameoflife-core/target/site/apidocs/constant-values.html...
Generating /var/lib/jenkins/jobs/Demo projekt/workspace/gameoflife-core/target/site/apidocs/com/wakaleo/gameoflife/domain/class-use/Grid.html...
Generating /var/lib/jenkins/jobs/Demo projekt/workspace/gameoflife-core/target/site/apidocs/com/wakaleo/gameoflife/domain/class-use/Cell.html...
Generating /var/lib/jenkins/jobs/Demo projekt/workspace/gameoflife-core/target/site/apidocs/com/wakaleo/gameoflife/domain/class-use/GridReader.html...
Generating /var/lib/jenkins/jobs/Demo projekt/workspace/gameoflife-core/target/site/apidocs/com/wakaleo/gameoflife/domain/class-use/Universe.html...
Generating /var/lib/jenkins/jobs/Demo projekt/workspace/gameoflife-core/target/site/apidocs/com/wakaleo/gameoflife/domain/class-use/GridWriter.html...
Generating /var/lib/jenkins/jobs/Demo projekt/workspace/gameoflife-core/target/site/apidocs/com/wakaleo/gameoflife/domain/package-use.html...
Building index for all the packages and classes...
Generating /var/lib/jenkins/jobs/Demo projekt/workspace/gameoflife-core/target/site/apidocs/overview-tree.html...
Generating /var/lib/jenkins/jobs/Demo projekt/workspace/gameoflife-core/target/site/apidocs/index-all.html...
Generating /var/lib/jenkins/jobs/Demo projekt/workspace/gameoflife-core/target/site/apidocs/deprecated-list.html...
Building index for all classes...
Generating /var/lib/jenkins/jobs/Demo projekt/workspace/gameoflife-core/target/site/apidocs/allclasses-frame.html...
Generating /var/lib/jenkins/jobs/Demo projekt/workspace/gameoflife-core/target/site/apidocs/allclasses-noframe.html...
Generating /var/lib/jenkins/jobs/Demo projekt/workspace/gameoflife-core/target/site/apidocs/index.html...
Generating /var/lib/jenkins/jobs/Demo projekt/workspace/gameoflife-core/target/site/apidocs/help-doc.html...
[INFO]                                                                         
[INFO] ------------------------------------------------------------------------
[INFO] Building gameoflife-web 1.0-SNAPSHOT
[INFO] ------------------------------------------------------------------------
[INFO] 
[INFO] >>> maven-javadoc-plugin:2.10.1:javadoc (default-cli) @ gameoflife-web >>>
[INFO] 
[8mha:AAAAYB+LCAAAAAAAAP9b85aBtbiIQSmjNKU4P0+vJLE4u1gvPjexLDVPzxdEGvvmZ+X75ZekLlOVfvTjc8FPJgaGiiIGKaiG5Py84vycVD1nCA1SyAABjCCFBQCV27OjYAAAAA==[0m[INFO] --- maven-enforcer-plugin:1.0:enforce (enforce-versions) @ gameoflife-web ---
[INFO] 
[INFO] <<< maven-javadoc-plugin:2.10.1:javadoc (default-cli) @ gameoflife-web <<<
[INFO] 
[8mha:AAAAYB+LCAAAAAAAAP9b85aBtbiIQSmjNKU4P0+vJLE4u1gvPjexLDVPzxdEGvvmZ+X75ZekLlOVfvTjc8FPJgaGiiIGKaiG5Py84vycVD1nCA1SyAABjCCFBQCV27OjYAAAAA==[0m[INFO] --- maven-javadoc-plugin:2.10.1:javadoc (default-cli) @ gameoflife-web ---
[INFO] 
Loading source files for package com.wakaleo.gameoflife.webtests.controllers...
Constructing Javadoc information...
Standard Doclet version 1.7.0_65
Building tree for all the packages and classes...
Generating /var/lib/jenkins/jobs/Demo projekt/workspace/gameoflife-web/target/site/apidocs/com/wakaleo/gameoflife/webtests/controllers/GameController.html...
Generating /var/lib/jenkins/jobs/Demo projekt/workspace/gameoflife-web/target/site/apidocs/com/wakaleo/gameoflife/webtests/controllers/HomePageController.html...
Generating /var/lib/jenkins/jobs/Demo projekt/workspace/gameoflife-web/target/site/apidocs/com/wakaleo/gameoflife/webtests/controllers/package-frame.html...
Generating /var/lib/jenkins/jobs/Demo projekt/workspace/gameoflife-web/target/site/apidocs/com/wakaleo/gameoflife/webtests/controllers/package-summary.html...
Generating /var/lib/jenkins/jobs/Demo projekt/workspace/gameoflife-web/target/site/apidocs/com/wakaleo/gameoflife/webtests/controllers/package-tree.html...
Generating /var/lib/jenkins/jobs/Demo projekt/workspace/gameoflife-web/target/site/apidocs/constant-values.html...
Generating /var/lib/jenkins/jobs/Demo projekt/workspace/gameoflife-web/target/site/apidocs/com/wakaleo/gameoflife/webtests/controllers/class-use/HomePageController.html...
Generating /var/lib/jenkins/jobs/Demo projekt/workspace/gameoflife-web/target/site/apidocs/com/wakaleo/gameoflife/webtests/controllers/class-use/GameController.html...
Generating /var/lib/jenkins/jobs/Demo projekt/workspace/gameoflife-web/target/site/apidocs/com/wakaleo/gameoflife/webtests/controllers/package-use.html...
Building index for all the packages and classes...
Generating /var/lib/jenkins/jobs/Demo projekt/workspace/gameoflife-web/target/site/apidocs/overview-tree.html...
Generating /var/lib/jenkins/jobs/Demo projekt/workspace/gameoflife-web/target/site/apidocs/index-all.html...
Generating /var/lib/jenkins/jobs/Demo projekt/workspace/gameoflife-web/target/site/apidocs/deprecated-list.html...
Building index for all classes...
Generating /var/lib/jenkins/jobs/Demo projekt/workspace/gameoflife-web/target/site/apidocs/allclasses-frame.html...
Generating /var/lib/jenkins/jobs/Demo projekt/workspace/gameoflife-web/target/site/apidocs/allclasses-noframe.html...
Generating /var/lib/jenkins/jobs/Demo projekt/workspace/gameoflife-web/target/site/apidocs/index.html...
Generating /var/lib/jenkins/jobs/Demo projekt/workspace/gameoflife-web/target/site/apidocs/help-doc.html...
[INFO] ------------------------------------------------------------------------
[INFO] Reactor Summary:
[INFO] 
[INFO] gameoflife ........................................ SUCCESS [2.898s]
[INFO] gameoflife-build .................................. SUCCESS [0.071s]
[INFO] gameoflife-core ................................... SUCCESS [1.765s]
[INFO] gameoflife-web .................................... SUCCESS [1.744s]
[INFO] ------------------------------------------------------------------------
[INFO] BUILD SUCCESS
[INFO] ------------------------------------------------------------------------
[INFO] Total time: 9.494s
[INFO] Finished at: Wed Apr 08 13:56:51 UTC 2015
[INFO] Final Memory: 13M/33M
[INFO] ------------------------------------------------------------------------
[workspace] $ mvn verify
[INFO] Scanning for projects...
[8mha:AAAAYx+LCAAAAAAAAP9b85aBtbiIQSWjNKU4P0+vJLE4u1gvPjexLDVPzxdEhicW5WXmpfvll6S2fNly5fzGzauYGBgqihikoFqS8/OK83NS9ZwhNEghAwQwghQWAACwxA+XYgAAAA==[0m[WARNING] 
[8mha:AAAAYx+LCAAAAAAAAP9b85aBtbiIQSWjNKU4P0+vJLE4u1gvPjexLDVPzxdEhicW5WXmpfvll6S2fNly5fzGzauYGBgqihikoFqS8/OK83NS9ZwhNEghAwQwghQWAACwxA+XYgAAAA==[0m[WARNING] Some problems were encountered while building the effective model for com.wakaleo.gameoflife:gameoflife-core:jar:1.0-SNAPSHOT
[8mha:AAAAYx+LCAAAAAAAAP9b85aBtbiIQSWjNKU4P0+vJLE4u1gvPjexLDVPzxdEhicW5WXmpfvll6S2fNly5fzGzauYGBgqihikoFqS8/OK83NS9ZwhNEghAwQwghQWAACwxA+XYgAAAA==[0m[WARNING] 'reporting.plugins.plugin.version' for org.apache.maven.plugins:maven-project-info-reports-plugin is missing. @ line 16, column 21
[8mha:AAAAYx+LCAAAAAAAAP9b85aBtbiIQSWjNKU4P0+vJLE4u1gvPjexLDVPzxdEhicW5WXmpfvll6S2fNly5fzGzauYGBgqihikoFqS8/OK83NS9ZwhNEghAwQwghQWAACwxA+XYgAAAA==[0m[WARNING] 
[8mha:AAAAYx+LCAAAAAAAAP9b85aBtbiIQSWjNKU4P0+vJLE4u1gvPjexLDVPzxdEhicW5WXmpfvll6S2fNly5fzGzauYGBgqihikoFqS8/OK83NS9ZwhNEghAwQwghQWAACwxA+XYgAAAA==[0m[WARNING] It is highly recommended to fix these problems because they threaten the stability of your build.
[8mha:AAAAYx+LCAAAAAAAAP9b85aBtbiIQSWjNKU4P0+vJLE4u1gvPjexLDVPzxdEhicW5WXmpfvll6S2fNly5fzGzauYGBgqihikoFqS8/OK83NS9ZwhNEghAwQwghQWAACwxA+XYgAAAA==[0m[WARNING] 
[8mha:AAAAYx+LCAAAAAAAAP9b85aBtbiIQSWjNKU4P0+vJLE4u1gvPjexLDVPzxdEhicW5WXmpfvll6S2fNly5fzGzauYGBgqihikoFqS8/OK83NS9ZwhNEghAwQwghQWAACwxA+XYgAAAA==[0m[WARNING] For this reason, future Maven versions might no longer support building such malformed projects.
[8mha:AAAAYx+LCAAAAAAAAP9b85aBtbiIQSWjNKU4P0+vJLE4u1gvPjexLDVPzxdEhicW5WXmpfvll6S2fNly5fzGzauYGBgqihikoFqS8/OK83NS9ZwhNEghAwQwghQWAACwxA+XYgAAAA==[0m[WARNING] 
[INFO] ------------------------------------------------------------------------
[INFO] Reactor Build Order:
[INFO] 
[INFO] gameoflife
[INFO] gameoflife-build
[INFO] gameoflife-core
[INFO] gameoflife-web
[INFO]                                                                         
[INFO] ------------------------------------------------------------------------
[INFO] Building gameoflife 1.0-SNAPSHOT
[INFO] ------------------------------------------------------------------------
[INFO] 
[8mha:AAAAYB+LCAAAAAAAAP9b85aBtbiIQSmjNKU4P0+vJLE4u1gvPjexLDVPzxdEGvvmZ+X75ZekLlOVfvTjc8FPJgaGiiIGKaiG5Py84vycVD1nCA1SyAABjCCFBQCV27OjYAAAAA==[0m[INFO] --- maven-enforcer-plugin:1.0:enforce (enforce-versions) @ gameoflife ---
[INFO] 
[8mha:AAAAYB+LCAAAAAAAAP9b85aBtbiIQSmjNKU4P0+vJLE4u1gvPjexLDVPzxdEGvvmZ+X75ZekLlOVfvTjc8FPJgaGiiIGKaiG5Py84vycVD1nCA1SyAABjCCFBQCV27OjYAAAAA==[0m[INFO] --- jacoco-maven-plugin:0.7.2.201409121644:prepare-agent (jacoco-initialize) @ gameoflife ---
[INFO] argLine set to "-javaagent:/var/lib/jenkins/.m2/repository/org/jacoco/org.jacoco.agent/0.7.2.201409121644/org.jacoco.agent-0.7.2.201409121644-runtime.jar=destfile=/var/lib/jenkins/jobs/Demo projekt/workspace/target/jacoco.exec"
[INFO] 
[8mha:AAAAYB+LCAAAAAAAAP9b85aBtbiIQSmjNKU4P0+vJLE4u1gvPjexLDVPzxdEGvvmZ+X75ZekLlOVfvTjc8FPJgaGiiIGKaiG5Py84vycVD1nCA1SyAABjCCFBQCV27OjYAAAAA==[0m[INFO] --- maven-surefire-plugin:2.11:test (unit-tests) @ gameoflife ---
[INFO] No tests to run.
[INFO] Surefire report directory: /var/lib/jenkins/jobs/Demo projekt/workspace/target/surefire-reports

-------------------------------------------------------
 T E S T S
-------------------------------------------------------

Results :

Tests run: 0, Failures: 0, Errors: 0, Skipped: 0

[INFO] 
[8mha:AAAAYB+LCAAAAAAAAP9b85aBtbiIQSmjNKU4P0+vJLE4u1gvPjexLDVPzxdEGvvmZ+X75ZekLlOVfvTjc8FPJgaGiiIGKaiG5Py84vycVD1nCA1SyAABjCCFBQCV27OjYAAAAA==[0m[INFO] --- maven-easyb-plugin:1.4:test (default) @ gameoflife ---
[INFO] /var/lib/jenkins/jobs/Demo projekt/workspace/src/test/stories does not exists.  Skipping easyb testing
[INFO] 
[8mha:AAAAYB+LCAAAAAAAAP9b85aBtbiIQSmjNKU4P0+vJLE4u1gvPjexLDVPzxdEGvvmZ+X75ZekLlOVfvTjc8FPJgaGiiIGKaiG5Py84vycVD1nCA1SyAABjCCFBQCV27OjYAAAAA==[0m[INFO] --- maven-surefire-plugin:2.11:test (integration-tests) @ gameoflife ---
[INFO] No tests to run.
[INFO] Surefire report directory: /var/lib/jenkins/jobs/Demo projekt/workspace/target/surefire-reports

-------------------------------------------------------
 T E S T S
-------------------------------------------------------

Results :

Tests run: 0, Failures: 0, Errors: 0, Skipped: 0

[INFO] 
[8mha:AAAAYB+LCAAAAAAAAP9b85aBtbiIQSmjNKU4P0+vJLE4u1gvPjexLDVPzxdEGvvmZ+X75ZekLlOVfvTjc8FPJgaGiiIGKaiG5Py84vycVD1nCA1SyAABjCCFBQCV27OjYAAAAA==[0m[INFO] --- jacoco-maven-plugin:0.7.2.201409121644:report (jacoco-site) @ gameoflife ---
[INFO] Skipping JaCoCo execution due to missing classes directory:/var/lib/jenkins/jobs/Demo projekt/workspace/target/classes
[INFO]                                                                         
[INFO] ------------------------------------------------------------------------
[INFO] Building gameoflife-build 1.0-SNAPSHOT
[INFO] ------------------------------------------------------------------------
[INFO] 
[8mha:AAAAYB+LCAAAAAAAAP9b85aBtbiIQSmjNKU4P0+vJLE4u1gvPjexLDVPzxdEGvvmZ+X75ZekLlOVfvTjc8FPJgaGiiIGKaiG5Py84vycVD1nCA1SyAABjCCFBQCV27OjYAAAAA==[0m[INFO] --- maven-enforcer-plugin:1.0:enforce (enforce-versions) @ gameoflife-build ---
[INFO] 
[8mha:AAAAYB+LCAAAAAAAAP9b85aBtbiIQSmjNKU4P0+vJLE4u1gvPjexLDVPzxdEGvvmZ+X75ZekLlOVfvTjc8FPJgaGiiIGKaiG5Py84vycVD1nCA1SyAABjCCFBQCV27OjYAAAAA==[0m[INFO] --- maven-resources-plugin:2.3:resources (default-resources) @ gameoflife-build ---
[INFO] Using 'UTF-8' encoding to copy filtered resources.
[INFO] Copying 2 resources
[INFO] 
[8mha:AAAAYB+LCAAAAAAAAP9b85aBtbiIQSmjNKU4P0+vJLE4u1gvPjexLDVPzxdEGvvmZ+X75ZekLlOVfvTjc8FPJgaGiiIGKaiG5Py84vycVD1nCA1SyAABjCCFBQCV27OjYAAAAA==[0m[INFO] --- jacoco-maven-plugin:0.7.2.201409121644:prepare-agent (jacoco-initialize) @ gameoflife-build ---
[INFO] argLine set to "-javaagent:/var/lib/jenkins/.m2/repository/org/jacoco/org.jacoco.agent/0.7.2.201409121644/org.jacoco.agent-0.7.2.201409121644-runtime.jar=destfile=/var/lib/jenkins/jobs/Demo projekt/workspace/gameoflife-build/target/jacoco.exec"
[INFO] 
[8mha:AAAAYB+LCAAAAAAAAP9b85aBtbiIQSmjNKU4P0+vJLE4u1gvPjexLDVPzxdEGvvmZ+X75ZekLlOVfvTjc8FPJgaGiiIGKaiG5Py84vycVD1nCA1SyAABjCCFBQCV27OjYAAAAA==[0m[INFO] --- maven-compiler-plugin:3.1:compile (default-compile) @ gameoflife-build ---
[INFO] No sources to compile
[INFO] 
[8mha:AAAAYB+LCAAAAAAAAP9b85aBtbiIQSmjNKU4P0+vJLE4u1gvPjexLDVPzxdEGvvmZ+X75ZekLlOVfvTjc8FPJgaGiiIGKaiG5Py84vycVD1nCA1SyAABjCCFBQCV27OjYAAAAA==[0m[INFO] --- maven-resources-plugin:2.3:testResources (default-testResources) @ gameoflife-build ---
[INFO] Using 'UTF-8' encoding to copy filtered resources.
[INFO] skip non existing resourceDirectory /var/lib/jenkins/jobs/Demo projekt/workspace/gameoflife-build/src/test/resources
[INFO] 
[8mha:AAAAYB+LCAAAAAAAAP9b85aBtbiIQSmjNKU4P0+vJLE4u1gvPjexLDVPzxdEGvvmZ+X75ZekLlOVfvTjc8FPJgaGiiIGKaiG5Py84vycVD1nCA1SyAABjCCFBQCV27OjYAAAAA==[0m[INFO] --- maven-compiler-plugin:3.1:testCompile (default-testCompile) @ gameoflife-build ---
[INFO] No sources to compile
[INFO] 
[8mha:AAAAYB+LCAAAAAAAAP9b85aBtbiIQSmjNKU4P0+vJLE4u1gvPjexLDVPzxdEGvvmZ+X75ZekLlOVfvTjc8FPJgaGiiIGKaiG5Py84vycVD1nCA1SyAABjCCFBQCV27OjYAAAAA==[0m[INFO] --- maven-surefire-plugin:2.11:test (default-test) @ gameoflife-build ---
[INFO] Tests are skipped.
[INFO] 
[8mha:AAAAYB+LCAAAAAAAAP9b85aBtbiIQSmjNKU4P0+vJLE4u1gvPjexLDVPzxdEGvvmZ+X75ZekLlOVfvTjc8FPJgaGiiIGKaiG5Py84vycVD1nCA1SyAABjCCFBQCV27OjYAAAAA==[0m[INFO] --- maven-surefire-plugin:2.11:test (unit-tests) @ gameoflife-build ---
[INFO] No tests to run.
[INFO] Surefire report directory: /var/lib/jenkins/jobs/Demo projekt/workspace/gameoflife-build/target/surefire-reports

-------------------------------------------------------
 T E S T S
-------------------------------------------------------

Results :

Tests run: 0, Failures: 0, Errors: 0, Skipped: 0

[INFO] 
[8mha:AAAAYB+LCAAAAAAAAP9b85aBtbiIQSmjNKU4P0+vJLE4u1gvPjexLDVPzxdEGvvmZ+X75ZekLlOVfvTjc8FPJgaGiiIGKaiG5Py84vycVD1nCA1SyAABjCCFBQCV27OjYAAAAA==[0m[INFO] --- maven-easyb-plugin:1.4:test (default) @ gameoflife-build ---
[INFO] /var/lib/jenkins/jobs/Demo projekt/workspace/gameoflife-build/src/test/stories does not exists.  Skipping easyb testing
[INFO] 
[8mha:AAAAYB+LCAAAAAAAAP9b85aBtbiIQSmjNKU4P0+vJLE4u1gvPjexLDVPzxdEGvvmZ+X75ZekLlOVfvTjc8FPJgaGiiIGKaiG5Py84vycVD1nCA1SyAABjCCFBQCV27OjYAAAAA==[0m[INFO] --- maven-jar-plugin:2.2:jar (default-jar) @ gameoflife-build ---
[INFO] 
[8mha:AAAAYB+LCAAAAAAAAP9b85aBtbiIQSmjNKU4P0+vJLE4u1gvPjexLDVPzxdEGvvmZ+X75ZekLlOVfvTjc8FPJgaGiiIGKaiG5Py84vycVD1nCA1SyAABjCCFBQCV27OjYAAAAA==[0m[INFO] --- maven-surefire-plugin:2.11:test (integration-tests) @ gameoflife-build ---
[INFO] No tests to run.
[INFO] Surefire report directory: /var/lib/jenkins/jobs/Demo projekt/workspace/gameoflife-build/target/surefire-reports

-------------------------------------------------------
 T E S T S
-------------------------------------------------------

Results :

Tests run: 0, Failures: 0, Errors: 0, Skipped: 0

[INFO] 
[8mha:AAAAYB+LCAAAAAAAAP9b85aBtbiIQSmjNKU4P0+vJLE4u1gvPjexLDVPzxdEGvvmZ+X75ZekLlOVfvTjc8FPJgaGiiIGKaiG5Py84vycVD1nCA1SyAABjCCFBQCV27OjYAAAAA==[0m[INFO] --- jacoco-maven-plugin:0.7.2.201409121644:report (jacoco-site) @ gameoflife-build ---
[INFO] Analyzed bundle 'gameoflife-build' with 0 classes
[INFO]                                                                         
[INFO] ------------------------------------------------------------------------
[INFO] Building gameoflife-core 1.0-SNAPSHOT
[INFO] ------------------------------------------------------------------------
[INFO] 
[8mha:AAAAYB+LCAAAAAAAAP9b85aBtbiIQSmjNKU4P0+vJLE4u1gvPjexLDVPzxdEGvvmZ+X75ZekLlOVfvTjc8FPJgaGiiIGKaiG5Py84vycVD1nCA1SyAABjCCFBQCV27OjYAAAAA==[0m[INFO] --- maven-enforcer-plugin:1.0:enforce (enforce-versions) @ gameoflife-core ---
[INFO] 
[8mha:AAAAYB+LCAAAAAAAAP9b85aBtbiIQSmjNKU4P0+vJLE4u1gvPjexLDVPzxdEGvvmZ+X75ZekLlOVfvTjc8FPJgaGiiIGKaiG5Py84vycVD1nCA1SyAABjCCFBQCV27OjYAAAAA==[0m[INFO] --- maven-resources-plugin:2.3:resources (default-resources) @ gameoflife-core ---
[INFO] Using 'UTF-8' encoding to copy filtered resources.
[INFO] skip non existing resourceDirectory /var/lib/jenkins/jobs/Demo projekt/workspace/gameoflife-core/src/main/resources
[INFO] 
[8mha:AAAAYB+LCAAAAAAAAP9b85aBtbiIQSmjNKU4P0+vJLE4u1gvPjexLDVPzxdEGvvmZ+X75ZekLlOVfvTjc8FPJgaGiiIGKaiG5Py84vycVD1nCA1SyAABjCCFBQCV27OjYAAAAA==[0m[INFO] --- jacoco-maven-plugin:0.7.2.201409121644:prepare-agent (jacoco-initialize) @ gameoflife-core ---
[INFO] argLine set to "-javaagent:/var/lib/jenkins/.m2/repository/org/jacoco/org.jacoco.agent/0.7.2.201409121644/org.jacoco.agent-0.7.2.201409121644-runtime.jar=destfile=/var/lib/jenkins/jobs/Demo projekt/workspace/gameoflife-core/target/jacoco.exec"
[INFO] 
[8mha:AAAAYB+LCAAAAAAAAP9b85aBtbiIQSmjNKU4P0+vJLE4u1gvPjexLDVPzxdEGvvmZ+X75ZekLlOVfvTjc8FPJgaGiiIGKaiG5Py84vycVD1nCA1SyAABjCCFBQCV27OjYAAAAA==[0m[INFO] --- maven-compiler-plugin:3.1:compile (default-compile) @ gameoflife-core ---
[INFO] Nothing to compile - all classes are up to date
[INFO] 
[8mha:AAAAYB+LCAAAAAAAAP9b85aBtbiIQSmjNKU4P0+vJLE4u1gvPjexLDVPzxdEGvvmZ+X75ZekLlOVfvTjc8FPJgaGiiIGKaiG5Py84vycVD1nCA1SyAABjCCFBQCV27OjYAAAAA==[0m[INFO] --- maven-resources-plugin:2.3:testResources (default-testResources) @ gameoflife-core ---
[INFO] Using 'UTF-8' encoding to copy filtered resources.
[INFO] skip non existing resourceDirectory /var/lib/jenkins/jobs/Demo projekt/workspace/gameoflife-core/src/test/resources
[INFO] 
[8mha:AAAAYB+LCAAAAAAAAP9b85aBtbiIQSmjNKU4P0+vJLE4u1gvPjexLDVPzxdEGvvmZ+X75ZekLlOVfvTjc8FPJgaGiiIGKaiG5Py84vycVD1nCA1SyAABjCCFBQCV27OjYAAAAA==[0m[INFO] --- maven-compiler-plugin:3.1:testCompile (default-testCompile) @ gameoflife-core ---
[INFO] Nothing to compile - all classes are up to date
[INFO] 
[8mha:AAAAYB+LCAAAAAAAAP9b85aBtbiIQSmjNKU4P0+vJLE4u1gvPjexLDVPzxdEGvvmZ+X75ZekLlOVfvTjc8FPJgaGiiIGKaiG5Py84vycVD1nCA1SyAABjCCFBQCV27OjYAAAAA==[0m[INFO] --- maven-surefire-plugin:2.11:test (default-test) @ gameoflife-core ---
[INFO] Tests are skipped.
[INFO] 
[8mha:AAAAYB+LCAAAAAAAAP9b85aBtbiIQSmjNKU4P0+vJLE4u1gvPjexLDVPzxdEGvvmZ+X75ZekLlOVfvTjc8FPJgaGiiIGKaiG5Py84vycVD1nCA1SyAABjCCFBQCV27OjYAAAAA==[0m[INFO] --- maven-surefire-plugin:2.11:test (unit-tests) @ gameoflife-core ---
[INFO] Surefire report directory: /var/lib/jenkins/jobs/Demo projekt/workspace/gameoflife-core/target/surefire-reports

-------------------------------------------------------
 T E S T S
-------------------------------------------------------
Running com.wakaleo.gameoflife.domain.WhenYouReadAGridFromAString
Tests run: 8, Failures: 0, Errors: 0, Skipped: 0, Time elapsed: 0.406 sec
Running com.wakaleo.gameoflife.domain.WhenYouCreateACell
Tests run: 6, Failures: 0, Errors: 0, Skipped: 0, Time elapsed: 0.013 sec
Running com.wakaleo.gameoflife.domain.WhenYouPrintAGrid
Tests run: 3, Failures: 0, Errors: 0, Skipped: 0, Time elapsed: 0.016 sec
Running com.wakaleo.gameoflife.domain.WhenYouPlayTheGameOfLife
Tests run: 5, Failures: 0, Errors: 0, Skipped: 0, Time elapsed: 0.039 sec

Results :

Tests run: 22, Failures: 0, Errors: 0, Skipped: 0

[INFO] 
[8mha:AAAAYB+LCAAAAAAAAP9b85aBtbiIQSmjNKU4P0+vJLE4u1gvPjexLDVPzxdEGvvmZ+X75ZekLlOVfvTjc8FPJgaGiiIGKaiG5Py84vycVD1nCA1SyAABjCCFBQCV27OjYAAAAA==[0m[INFO] --- maven-easyb-plugin:1.4:test (default) @ gameoflife-core ---
[INFO] Using easyb dependency org.easyb:easyb-core:jar:1.6:compile
[INFO] Using easyb dependency org.easyb:easyb-composite-groovy:pom:1.2:compile
[INFO] Using easyb dependency org.codehaus.groovy:groovy-all:jar:2.3.6:compile
[INFO] Using easyb dependency org.easyb:easyb-ast:jar:1.1:compile
[INFO] Using easyb dependency commons-cli:commons-cli:jar:1.2:compile
[INFO] Using easyb dependency commons-lang:commons-lang:jar:2.5:compile
     [java] Running counting things story (/var/lib/jenkins/jobs/Demo projekt/workspace/gameoflife-core/src/test/stories/CountingThings.story)
     [java] Scenarios run: 1, Failures: 0, Pending: 0, Time elapsed: 1.0 sec
     [java] Running multiplying things story (/var/lib/jenkins/jobs/Demo projekt/workspace/gameoflife-core/src/test/stories/MultiplyingThings.story)
     [java] Scenarios run: 1, Failures: 0, Pending: 1, Time elapsed: 0.093 sec
     [java] 2 total behaviors ran with no failures
     [java] Writing JUnit report to /var/lib/jenkins/jobs/Demo projekt/workspace/gameoflife-core/target/surefire-reports/TEST-behavior.CountingThings.xml
     [java] JUnit report written to /var/lib/jenkins/jobs/Demo projekt/workspace/gameoflife-core/target/surefire-reports/TEST-behavior.CountingThings.xml
     [java] Writing JUnit report to /var/lib/jenkins/jobs/Demo projekt/workspace/gameoflife-core/target/surefire-reports/TEST-behavior.MultiplyingThings.xml
     [java] JUnit report written to /var/lib/jenkins/jobs/Demo projekt/workspace/gameoflife-core/target/surefire-reports/TEST-behavior.MultiplyingThings.xml
[INFO] 
[8mha:AAAAYB+LCAAAAAAAAP9b85aBtbiIQSmjNKU4P0+vJLE4u1gvPjexLDVPzxdEGvvmZ+X75ZekLlOVfvTjc8FPJgaGiiIGKaiG5Py84vycVD1nCA1SyAABjCCFBQCV27OjYAAAAA==[0m[INFO] --- maven-jar-plugin:2.2:jar (default-jar) @ gameoflife-core ---
[INFO] 
[8mha:AAAAYB+LCAAAAAAAAP9b85aBtbiIQSmjNKU4P0+vJLE4u1gvPjexLDVPzxdEGvvmZ+X75ZekLlOVfvTjc8FPJgaGiiIGKaiG5Py84vycVD1nCA1SyAABjCCFBQCV27OjYAAAAA==[0m[INFO] --- maven-surefire-plugin:2.11:test (integration-tests) @ gameoflife-core ---
[INFO] Surefire report directory: /var/lib/jenkins/jobs/Demo projekt/workspace/gameoflife-core/target/surefire-reports

-------------------------------------------------------
 T E S T S
-------------------------------------------------------
Running com.wakaleo.gameoflife.integration.WhenYouStoreGamesInADatabase
Tests run: 2, Failures: 0, Errors: 0, Skipped: 0, Time elapsed: 0.322 sec

Results :

Tests run: 2, Failures: 0, Errors: 0, Skipped: 0

[INFO] 
[8mha:AAAAYB+LCAAAAAAAAP9b85aBtbiIQSmjNKU4P0+vJLE4u1gvPjexLDVPzxdEGvvmZ+X75ZekLlOVfvTjc8FPJgaGiiIGKaiG5Py84vycVD1nCA1SyAABjCCFBQCV27OjYAAAAA==[0m[INFO] --- jacoco-maven-plugin:0.7.2.201409121644:report (jacoco-site) @ gameoflife-core ---
[INFO] Analyzed bundle 'gameoflife-core' with 5 classes
[INFO]                                                                         
[INFO] ------------------------------------------------------------------------
[INFO] Building gameoflife-web 1.0-SNAPSHOT
[INFO] ------------------------------------------------------------------------
[INFO] 
[8mha:AAAAYB+LCAAAAAAAAP9b85aBtbiIQSmjNKU4P0+vJLE4u1gvPjexLDVPzxdEGvvmZ+X75ZekLlOVfvTjc8FPJgaGiiIGKaiG5Py84vycVD1nCA1SyAABjCCFBQCV27OjYAAAAA==[0m[INFO] --- maven-enforcer-plugin:1.0:enforce (enforce-versions) @ gameoflife-web ---
[INFO] 
[8mha:AAAAYB+LCAAAAAAAAP9b85aBtbiIQSmjNKU4P0+vJLE4u1gvPjexLDVPzxdEGvvmZ+X75ZekLlOVfvTjc8FPJgaGiiIGKaiG5Py84vycVD1nCA1SyAABjCCFBQCV27OjYAAAAA==[0m[INFO] --- maven-resources-plugin:2.3:resources (default-resources) @ gameoflife-web ---
[INFO] Using 'UTF-8' encoding to copy filtered resources.
[INFO] Copying 1 resource
[INFO] 
[8mha:AAAAYB+LCAAAAAAAAP9b85aBtbiIQSmjNKU4P0+vJLE4u1gvPjexLDVPzxdEGvvmZ+X75ZekLlOVfvTjc8FPJgaGiiIGKaiG5Py84vycVD1nCA1SyAABjCCFBQCV27OjYAAAAA==[0m[INFO] --- jacoco-maven-plugin:0.7.2.201409121644:prepare-agent (jacoco-initialize) @ gameoflife-web ---
[INFO] argLine set to "-javaagent:/var/lib/jenkins/.m2/repository/org/jacoco/org.jacoco.agent/0.7.2.201409121644/org.jacoco.agent-0.7.2.201409121644-runtime.jar=destfile=/var/lib/jenkins/jobs/Demo projekt/workspace/gameoflife-web/target/jacoco.exec"
[INFO] 
[8mha:AAAAYB+LCAAAAAAAAP9b85aBtbiIQSmjNKU4P0+vJLE4u1gvPjexLDVPzxdEGvvmZ+X75ZekLlOVfvTjc8FPJgaGiiIGKaiG5Py84vycVD1nCA1SyAABjCCFBQCV27OjYAAAAA==[0m[INFO] --- maven-compiler-plugin:3.1:compile (default-compile) @ gameoflife-web ---
[INFO] Nothing to compile - all classes are up to date
[INFO] 
[8mha:AAAAYB+LCAAAAAAAAP9b85aBtbiIQSmjNKU4P0+vJLE4u1gvPjexLDVPzxdEGvvmZ+X75ZekLlOVfvTjc8FPJgaGiiIGKaiG5Py84vycVD1nCA1SyAABjCCFBQCV27OjYAAAAA==[0m[INFO] --- maven-resources-plugin:2.3:testResources (default-testResources) @ gameoflife-web ---
[INFO] Using 'UTF-8' encoding to copy filtered resources.
[INFO] skip non existing resourceDirectory /var/lib/jenkins/jobs/Demo projekt/workspace/gameoflife-web/src/test/resources
[INFO] 
[8mha:AAAAYB+LCAAAAAAAAP9b85aBtbiIQSmjNKU4P0+vJLE4u1gvPjexLDVPzxdEGvvmZ+X75ZekLlOVfvTjc8FPJgaGiiIGKaiG5Py84vycVD1nCA1SyAABjCCFBQCV27OjYAAAAA==[0m[INFO] --- maven-compiler-plugin:3.1:testCompile (default-testCompile) @ gameoflife-web ---
[INFO] Nothing to compile - all classes are up to date
[INFO] 
[8mha:AAAAYB+LCAAAAAAAAP9b85aBtbiIQSmjNKU4P0+vJLE4u1gvPjexLDVPzxdEGvvmZ+X75ZekLlOVfvTjc8FPJgaGiiIGKaiG5Py84vycVD1nCA1SyAABjCCFBQCV27OjYAAAAA==[0m[INFO] --- maven-surefire-plugin:2.11:test (default-test) @ gameoflife-web ---
[INFO] Tests are skipped.
[INFO] 
[8mha:AAAAYB+LCAAAAAAAAP9b85aBtbiIQSmjNKU4P0+vJLE4u1gvPjexLDVPzxdEGvvmZ+X75ZekLlOVfvTjc8FPJgaGiiIGKaiG5Py84vycVD1nCA1SyAABjCCFBQCV27OjYAAAAA==[0m[INFO] --- maven-surefire-plugin:2.11:test (unit-tests) @ gameoflife-web ---
[INFO] Surefire report directory: /var/lib/jenkins/jobs/Demo projekt/workspace/gameoflife-web/target/surefire-reports

-------------------------------------------------------
 T E S T S
-------------------------------------------------------
Running com.wakaleo.gameoflife.webtests.controllers.WhenCreatingANewGame
Tests run: 3, Failures: 0, Errors: 0, Skipped: 0, Time elapsed: 1.642 sec
Running com.wakaleo.gameoflife.webtests.controllers.WhenSpawningANewGeneration
Tests run: 2, Failures: 0, Errors: 0, Skipped: 0, Time elapsed: 0.036 sec
Running com.wakaleo.gameoflife.webtests.controllers.WhenDisplayingTheHomePage
Tests run: 2, Failures: 0, Errors: 0, Skipped: 0, Time elapsed: 0.006 sec

Results :

Tests run: 7, Failures: 0, Errors: 0, Skipped: 0

[INFO] 
[8mha:AAAAYB+LCAAAAAAAAP9b85aBtbiIQSmjNKU4P0+vJLE4u1gvPjexLDVPzxdEGvvmZ+X75ZekLlOVfvTjc8FPJgaGiiIGKaiG5Py84vycVD1nCA1SyAABjCCFBQCV27OjYAAAAA==[0m[INFO] --- maven-easyb-plugin:1.4:test (default) @ gameoflife-web ---
[INFO] /var/lib/jenkins/jobs/Demo projekt/workspace/gameoflife-web/src/test/stories does not exists.  Skipping easyb testing
[INFO] 
[8mha:AAAAYB+LCAAAAAAAAP9b85aBtbiIQSmjNKU4P0+vJLE4u1gvPjexLDVPzxdEGvvmZ+X75ZekLlOVfvTjc8FPJgaGiiIGKaiG5Py84vycVD1nCA1SyAABjCCFBQCV27OjYAAAAA==[0m[INFO] --- maven-war-plugin:2.1.1:war (default-war) @ gameoflife-web ---
[INFO] Packaging webapp
[INFO] Assembling webapp [gameoflife-web] in [/var/lib/jenkins/jobs/Demo projekt/workspace/gameoflife-web/target/gameoflife]
[INFO] Processing war project
[INFO] Copying webapp resources [/var/lib/jenkins/jobs/Demo projekt/workspace/gameoflife-web/src/main/webapp]
[INFO] Webapp assembled in [94 msecs]
[INFO] Building war: /var/lib/jenkins/jobs/Demo projekt/workspace/gameoflife-web/target/gameoflife.war
[INFO] WEB-INF/web.xml already added, skipping
[INFO] 
[8mha:AAAAYB+LCAAAAAAAAP9b85aBtbiIQSmjNKU4P0+vJLE4u1gvPjexLDVPzxdEGvvmZ+X75ZekLlOVfvTjc8FPJgaGiiIGKaiG5Py84vycVD1nCA1SyAABjCCFBQCV27OjYAAAAA==[0m[INFO] --- maven-surefire-plugin:2.11:test (integration-tests) @ gameoflife-web ---
[INFO] Surefire report directory: /var/lib/jenkins/jobs/Demo projekt/workspace/gameoflife-web/target/surefire-reports

-------------------------------------------------------
 T E S T S
-------------------------------------------------------

Results :

Tests run: 0, Failures: 0, Errors: 0, Skipped: 0

[INFO] 
[8mha:AAAAYB+LCAAAAAAAAP9b85aBtbiIQSmjNKU4P0+vJLE4u1gvPjexLDVPzxdEGvvmZ+X75ZekLlOVfvTjc8FPJgaGiiIGKaiG5Py84vycVD1nCA1SyAABjCCFBQCV27OjYAAAAA==[0m[INFO] --- jacoco-maven-plugin:0.7.2.201409121644:report (jacoco-site) @ gameoflife-web ---
[INFO] Analyzed bundle 'gameoflife-web' with 2 classes
[INFO] 
[8mha:AAAAYB+LCAAAAAAAAP9b85aBtbiIQSmjNKU4P0+vJLE4u1gvPjexLDVPzxdEGvvmZ+X75ZekLlOVfvTjc8FPJgaGiiIGKaiG5Py84vycVD1nCA1SyAABjCCFBQCV27OjYAAAAA==[0m[INFO] --- maven-thucydides-plugin:0.9.268:aggregate (thucydides-reports) @ gameoflife-web ---
SLF4J: Failed to load class "org.slf4j.impl.StaticLoggerBinder".
SLF4J: Defaulting to no-operation (NOP) logger implementation
SLF4J: See http://www.slf4j.org/codes.html#StaticLoggerBinder for further details.
log4j:WARN No appenders could be found for logger (org.jboss.logging).
log4j:WARN Please initialize the log4j system properly.
[INFO] ------------------------------------------------------------------------
[INFO] Reactor Summary:
[INFO] 
[INFO] gameoflife ........................................ SUCCESS [5.182s]
[INFO] gameoflife-build .................................. SUCCESS [3.051s]
[INFO] gameoflife-core ................................... SUCCESS [7.593s]
[INFO] gameoflife-web .................................... SUCCESS [8.773s]
[INFO] ------------------------------------------------------------------------
[INFO] BUILD SUCCESS
[INFO] ------------------------------------------------------------------------
[INFO] Total time: 25.802s
[INFO] Finished at: Wed Apr 08 13:57:19 UTC 2015
[INFO] Final Memory: 26M/64M
[INFO] ------------------------------------------------------------------------
Archiving artifacts
Recording test results
Publishing Javadoc
[JaCoCo plugin] Collecting JaCoCo coverage data...
[JaCoCo plugin] **/target/*.exec;**/target;**/src/main/java; locations are configured
[JaCoCo plugin] Number of found exec files for pattern **/target/*.exec: 4
[JaCoCo plugin] Saving matched execfiles:  /var/lib/jenkins/jobs/Demo projekt/workspace/gameoflife-build/target/jacoco.exec /var/lib/jenkins/jobs/Demo projekt/workspace/gameoflife-core/target/jacoco.exec /var/lib/jenkins/jobs/Demo projekt/workspace/gameoflife-web/target/jacoco.exec /var/lib/jenkins/jobs/Demo projekt/workspace/target/jacoco.exec
[JaCoCo plugin] Saving matched class directories for class-pattern: **/target:  /var/lib/jenkins/jobs/Demo projekt/workspace/gameoflife-build/target /var/lib/jenkins/jobs/Demo projekt/workspace/gameoflife-core/target /var/lib/jenkins/jobs/Demo projekt/workspace/gameoflife-web/target /var/lib/jenkins/jobs/Demo projekt/workspace/target
[JaCoCo plugin] Saving matched source directories for source-pattern: **/src/main/java:  /var/lib/jenkins/jobs/Demo projekt/workspace/gameoflife-core/src/main/java /var/lib/jenkins/jobs/Demo projekt/workspace/gameoflife-web/src/main/java
[JaCoCo plugin] Loading inclusions files..
[JaCoCo plugin] inclusions: [**/*.class]
[JaCoCo plugin] exclusions: [**/When*]
[JaCoCo plugin] Thresholds: JacocoHealthReportThresholds [minClass=0, maxClass=0, minMethod=0, maxMethod=0, minLine=0, maxLine=0, minBranch=0, maxBranch=0, minInstruction=0, maxInstruction=0, minComplexity=0, maxComplexity=0]
[JaCoCo plugin] Publishing the results..
[JaCoCo plugin] Loading packages..
[JaCoCo plugin] Done.
Sending e-mails to: danijelhir@hotmail.com dado@hotmail.com
ERROR: Could not connect to SMTP host: localhost, port: 25
[8mha:AAAAWB+LCAAAAAAAAP9b85aBtbiIQSmjNKU4P08vOT+vOD8nVc8DzHWtSE4tKMnMz/PLL0ldFVf2c+b/lb5MDAwVRQxSaBqcITRIIQMEMIIUFgAAckCEiWAAAAA=[0mjavax.mail.MessagingException: Could not connect to SMTP host: localhost, port: 25;
  nested exception is:
	java.net.ConnectException: Connection refused
	at com.sun.mail.smtp.SMTPTransport.openServer(SMTPTransport.java:1934)
	at com.sun.mail.smtp.SMTPTransport.protocolConnect(SMTPTransport.java:638)
	at javax.mail.Service.connect(Service.java:295)
	at javax.mail.Service.connect(Service.java:176)
	at javax.mail.Service.connect(Service.java:125)
	at javax.mail.Transport.send0(Transport.java:194)
	at javax.mail.Transport.send(Transport.java:124)
	at hudson.tasks.MailSender.execute(MailSender.java:121)
	at hudson.tasks.Mailer.perform(Mailer.java:138)
	at hudson.tasks.BuildStepMonitor$1.perform(BuildStepMonitor.java:20)
	at hudson.model.AbstractBuild$AbstractBuildExecution.perform(AbstractBuild.java:770)
	at hudson.model.AbstractBuild$AbstractBuildExecution.performAllBuildSteps(AbstractBuild.java:734)
	at hudson.model.Build$BuildExecution.post2(Build.java:183)
	at hudson.model.AbstractBuild$AbstractBuildExecution.post(AbstractBuild.java:683)
	at hudson.model.Run.execute(Run.java:1784)
	at hudson.model.FreeStyleBuild.run(FreeStyleBuild.java:43)
	at hudson.model.ResourceController.execute(ResourceController.java:89)
	at hudson.model.Executor.run(Executor.java:240)
Caused by: java.net.ConnectException: Connection refused
	at java.net.PlainSocketImpl.socketConnect(Native Method)
	at java.net.AbstractPlainSocketImpl.doConnect(AbstractPlainSocketImpl.java:339)
	at java.net.AbstractPlainSocketImpl.connectToAddress(AbstractPlainSocketImpl.java:200)
	at java.net.AbstractPlainSocketImpl.connect(AbstractPlainSocketImpl.java:182)
	at java.net.SocksSocketImpl.connect(SocksSocketImpl.java:392)
	at java.net.Socket.connect(Socket.java:579)
	at com.sun.mail.util.SocketFetcher.createSocket(SocketFetcher.java:286)
	at com.sun.mail.util.SocketFetcher.getSocket(SocketFetcher.java:231)
	at com.sun.mail.smtp.SMTPTransport.openServer(SMTPTransport.java:1900)
	... 17 more
Finished: SUCCESS
