<?xml version="1.0" encoding="UTF-8"?>
<testng-results skipped="0" failed="0" total="1" passed="1">
  <reporter-output>
  </reporter-output>
  <suite name="Suite" duration-ms="2427" started-at="2017-03-10T12:04:33Z" finished-at="2017-03-10T12:04:35Z">
    <groups>
    </groups>
    <test name="Test" duration-ms="2427" started-at="2017-03-10T12:04:33Z" finished-at="2017-03-10T12:04:35Z">
      <class name="com.example.tests.TestCalculator">
        <test-method status="PASS" signature="setUp()[pri:0, instance:com.example.tests.TestCalculator@668bc3d5]" name="setUp" is-config="true" duration-ms="975" started-at="2017-03-10T12:04:33Z" finished-at="2017-03-10T12:04:34Z">
          <reporter-output>
          </reporter-output>
        </test-method> <!-- setUp -->
        <test-method status="PASS" signature="testTt()[pri:0, instance:com.example.tests.TestCalculator@668bc3d5]" name="testTt" duration-ms="620" started-at="2017-03-10T12:04:34Z" finished-at="2017-03-10T12:04:35Z">
          <reporter-output>
          </reporter-output>
        </test-method> <!-- testTt -->
        <test-method status="PASS" signature="tearDown()[pri:0, instance:com.example.tests.TestCalculator@668bc3d5]" name="tearDown" is-config="true" duration-ms="821" started-at="2017-03-10T12:04:35Z" finished-at="2017-03-10T12:04:35Z">
          <reporter-output>
          </reporter-output>
        </test-method> <!-- tearDown -->
      </class> <!-- com.example.tests.TestCalculator -->
    </test> <!-- Test -->
  </suite> <!-- Suite -->
</testng-results>
