Started by user [8mha:////4CChqKtRX243ptpgwhyDZ6IpbqZEkwrqY/fYHqsjC5QRAAAAmR+LCAAAAAAAAP9b85aBtbiIQTGjNKU4P08vOT+vOD8nVc83PyU1x6OyILUoJzMv2y+/JJUBAhiZGBgqihhk0NSjKDWzXb3RdlLBUSYGJk8GtpzUvPSSDB8G5tKinBIGIZ+sxLJE/ZzEvHT94JKizLx0a6BxUmjGOUNodHsLgAz2EgZe/dLi1CL9rNS87My8YgDGtiJjwgAAAA==[0mjenkins
Building remotely on [8mha:////4DOAM3qZpPcJ29ciExsSJ+QuC9Z0fcEKzmE0CMRG6XHxAAAAmx+LCAAAAAAAAP9b85aBtbiIQTGjNKU4P08vOT+vOD8nVc83PyU1x6OyILUoJzMv2y+/JJUBAhiZGBgqihhk0NSjKDWzXb3RdlLBUSYGJk8GtpzUvPSSDB8G5tKinBIGIZ+sxLJE/ZzEvHT94JKizLx0a6BxUmjGOUNodHsLgAzWEgZ+/eT83ILSktQi/eKcxLJUAEnZB8bEAAAA[0mslave in workspace /u01/jenkins/workspace/CI-CD/Build
java.io.IOException: Failed to mkdirs: /u01/jenkins/workspace/CI-CD/Build
	at hudson.FilePath.mkdirs(FilePath.java:1169)
	at hudson.model.AbstractProject.checkout(AbstractProject.java:1276)
	at hudson.model.AbstractBuild$AbstractBuildExecution.defaultCheckout(AbstractBuild.java:604)
	at jenkins.scm.SCMCheckoutStrategy.checkout(SCMCheckoutStrategy.java:86)
	at hudson.model.AbstractBuild$AbstractBuildExecution.run(AbstractBuild.java:529)
	at hudson.model.Run.execute(Run.java:1728)
	at hudson.model.FreeStyleBuild.run(FreeStyleBuild.java:43)
	at hudson.model.ResourceController.execute(ResourceController.java:98)
	at hudson.model.Executor.run(Executor.java:404)
Archiving artifacts
ERROR: Build step failed with exception
[8mha:////4MxtTNLOx3UgohoKPTPfdDGtbhXJ0iQ5Ft8Z5/7FuomCAAAAWB+LCAAAAAAAAP9b85aBtbiIQSmjNKU4P08vOT+vOD8nVc8DzHWtSE4tKMnMz/PLL0ldFVf2c+b/lb5MDAwVRQxSaBqcITRIIQMEMIIUFgAAckCEiWAAAAA=[0m/u01/jenkins/workspace/CI-CD/Build does not exist.
	at org.apache.tools.ant.types.AbstractFileSet.getDirectoryScanner(AbstractFileSet.java:483)
	at org.apache.tools.ant.types.AbstractFileSet.getDirectoryScanner(AbstractFileSet.java:460)
	at hudson.tasks.ArtifactArchiver$ListFiles.invoke(ArtifactArchiver.java:292)
	at hudson.tasks.ArtifactArchiver$ListFiles.invoke(ArtifactArchiver.java:272)
	at hudson.FilePath$FileCallableWrapper.call(FilePath.java:2731)
	at hudson.remoting.UserRequest.perform(UserRequest.java:153)
	at hudson.remoting.UserRequest.perform(UserRequest.java:50)
	at hudson.remoting.Request$2.run(Request.java:336)
	at hudson.remoting.InterceptingExecutorService$1.call(InterceptingExecutorService.java:68)
	at java.util.concurrent.FutureTask.run(FutureTask.java:262)
	at java.util.concurrent.ThreadPoolExecutor.runWorker(ThreadPoolExecutor.java:1145)
	at java.util.concurrent.ThreadPoolExecutor$Worker.run(ThreadPoolExecutor.java:615)
	at hudson.remoting.Engine$1$1.run(Engine.java:94)
	at java.lang.Thread.run(Thread.java:745)
	at ......remote call to Channel to /172.31.19.217(Native Method)
	at hudson.remoting.Channel.attachCallSiteStackTrace(Channel.java:1537)
	at hudson.remoting.UserResponse.retrieve(UserRequest.java:253)
	at hudson.remoting.Channel.call(Channel.java:822)
	at hudson.FilePath.act(FilePath.java:985)
	at hudson.FilePath.act(FilePath.java:974)
	at hudson.tasks.ArtifactArchiver.perform(ArtifactArchiver.java:237)
	at hudson.tasks.BuildStepCompatibilityLayer.perform(BuildStepCompatibilityLayer.java:78)
	at hudson.tasks.BuildStepMonitor$1.perform(BuildStepMonitor.java:20)
	at hudson.model.AbstractBuild$AbstractBuildExecution.perform(AbstractBuild.java:779)
	at hudson.model.AbstractBuild$AbstractBuildExecution.performAllBuildSteps(AbstractBuild.java:720)
	at hudson.model.Build$BuildExecution.post2(Build.java:185)
	at hudson.model.AbstractBuild$AbstractBuildExecution.post(AbstractBuild.java:665)
	at hudson.model.Run.execute(Run.java:1753)
	at hudson.model.FreeStyleBuild.run(FreeStyleBuild.java:43)
	at hudson.model.ResourceController.execute(ResourceController.java:98)
	at hudson.model.Executor.run(Executor.java:404)
Build step 'Archive the artifacts' marked build as failure
Recording test results
ERROR: Build step failed with exception
[8mha:////4MxtTNLOx3UgohoKPTPfdDGtbhXJ0iQ5Ft8Z5/7FuomCAAAAWB+LCAAAAAAAAP9b85aBtbiIQSmjNKU4P08vOT+vOD8nVc8DzHWtSE4tKMnMz/PLL0ldFVf2c+b/lb5MDAwVRQxSaBqcITRIIQMEMIIUFgAAckCEiWAAAAA=[0m/u01/jenkins/workspace/CI-CD/Build does not exist.
	at org.apache.tools.ant.types.AbstractFileSet.getDirectoryScanner(AbstractFileSet.java:483)
	at org.apache.tools.ant.types.AbstractFileSet.getDirectoryScanner(AbstractFileSet.java:460)
	at hudson.tasks.junit.JUnitParser$ParseResultCallable.invoke(JUnitParser.java:127)
	at hudson.tasks.junit.JUnitParser$ParseResultCallable.invoke(JUnitParser.java:107)
	at hudson.FilePath$FileCallableWrapper.call(FilePath.java:2731)
	at hudson.remoting.UserRequest.perform(UserRequest.java:153)
	at hudson.remoting.UserRequest.perform(UserRequest.java:50)
	at hudson.remoting.Request$2.run(Request.java:336)
	at hudson.remoting.InterceptingExecutorService$1.call(InterceptingExecutorService.java:68)
	at java.util.concurrent.FutureTask.run(FutureTask.java:262)
	at java.util.concurrent.ThreadPoolExecutor.runWorker(ThreadPoolExecutor.java:1145)
	at java.util.concurrent.ThreadPoolExecutor$Worker.run(ThreadPoolExecutor.java:615)
	at hudson.remoting.Engine$1$1.run(Engine.java:94)
	at java.lang.Thread.run(Thread.java:745)
	at ......remote call to Channel to /172.31.19.217(Native Method)
	at hudson.remoting.Channel.attachCallSiteStackTrace(Channel.java:1537)
	at hudson.remoting.UserResponse.retrieve(UserRequest.java:253)
	at hudson.remoting.Channel.call(Channel.java:822)
	at hudson.FilePath.act(FilePath.java:985)
	at hudson.FilePath.act(FilePath.java:974)
	at hudson.tasks.junit.JUnitParser.parseResult(JUnitParser.java:103)
	at hudson.tasks.junit.JUnitResultArchiver.parse(JUnitResultArchiver.java:127)
	at hudson.tasks.junit.JUnitResultArchiver.perform(JUnitResultArchiver.java:149)
	at hudson.tasks.BuildStepCompatibilityLayer.perform(BuildStepCompatibilityLayer.java:78)
	at hudson.tasks.BuildStepMonitor$1.perform(BuildStepMonitor.java:20)
	at hudson.model.AbstractBuild$AbstractBuildExecution.perform(AbstractBuild.java:779)
	at hudson.model.AbstractBuild$AbstractBuildExecution.performAllBuildSteps(AbstractBuild.java:720)
	at hudson.model.Build$BuildExecution.post2(Build.java:185)
	at hudson.model.AbstractBuild$AbstractBuildExecution.post(AbstractBuild.java:665)
	at hudson.model.Run.execute(Run.java:1753)
	at hudson.model.FreeStyleBuild.run(FreeStyleBuild.java:43)
	at hudson.model.ResourceController.execute(ResourceController.java:98)
	at hudson.model.Executor.run(Executor.java:404)
Build step 'Publish JUnit test result report' marked build as failure
Finished: FAILURE
